2023-03-19 17:58:44,000 [INFO] Activator:177 - 


2023-03-19 17:58:44,007 [INFO] Activator:178 - !SESSION log4j initialized
2023-03-19 17:59:33,925 [ERROR] LogOutputStream:74 - [STDERR_REDIRECT] SLF4J: Failed to load class "org.slf4j.impl.StaticLoggerBinder".
2023-03-19 17:59:33,927 [ERROR] LogOutputStream:74 - [STDERR_REDIRECT] SLF4J: Defaulting to no-operation (NOP) logger implementation
2023-03-19 17:59:33,939 [ERROR] LogOutputStream:74 - [STDERR_REDIRECT] SLF4J: See http://www.slf4j.org/codes.html#StaticLoggerBinder for further details.
2023-03-20 07:55:15,153 [INFO] Activator:177 - 


2023-03-20 07:55:15,155 [INFO] Activator:178 - !SESSION log4j initialized
2023-03-20 07:56:03,256 [ERROR] LogOutputStream:74 - [STDERR_REDIRECT] SLF4J: Failed to load class "org.slf4j.impl.StaticLoggerBinder".
2023-03-20 07:56:03,258 [ERROR] LogOutputStream:74 - [STDERR_REDIRECT] SLF4J: Defaulting to no-operation (NOP) logger implementation
2023-03-20 07:56:03,264 [ERROR] LogOutputStream:74 - [STDERR_REDIRECT] SLF4J: See http://www.slf4j.org/codes.html#StaticLoggerBinder for further details.
2023-03-21 10:52:35,347 [INFO] Activator:177 - 


2023-03-21 10:52:35,349 [INFO] Activator:178 - !SESSION log4j initialized
2023-03-21 10:53:11,387 [ERROR] LogOutputStream:74 - [STDERR_REDIRECT] SLF4J: Failed to load class "org.slf4j.impl.StaticLoggerBinder".
2023-03-21 10:53:11,388 [ERROR] LogOutputStream:74 - [STDERR_REDIRECT] SLF4J: Defaulting to no-operation (NOP) logger implementation
2023-03-21 10:53:11,392 [ERROR] LogOutputStream:74 - [STDERR_REDIRECT] SLF4J: See http://www.slf4j.org/codes.html#StaticLoggerBinder for further details.
2023-03-21 10:53:34,105 [INFO] McuFinderGlobals:44 - Set McuFinder mode to 2 (CubeIDE integrated)
2023-03-21 10:53:34,743 [INFO] ApplicationProperties:181 - Using Application install path: C:\ST\STM32CubeIDE_1.4.0\STM32CubeIDE\plugins\com.st.stm32cube.common.mx_6.6.1.202207061420
2023-03-21 10:53:34,782 [INFO] DbMcusXml:77 - Set database path to: C:\ST\STM32CubeIDE_1.4.0\STM32CubeIDE\plugins\com.st.stm32cube.common.mx_6.6.1.202207061420\\db\/mcu/
2023-03-21 10:53:34,783 [INFO] ApiDb:269 - Set plugin database path to: C:\ST\STM32CubeIDE_1.4.0\STM32CubeIDE\plugins\com.st.stm32cube.common.mx_6.6.1.202207061420\\db\/plugins/boardmanager/
2023-03-21 10:53:34,786 [WARN] ApiDb:254 - Overriding images path with different value:  => C:\ST\STM32CubeIDE_1.4.0\STM32CubeIDE\plugins\com.st.stm32cube.common.mx_6.6.1.202207061420\\db\/plugins/mcufinder/images/
2023-03-21 10:53:34,823 [INFO] ApiDb:249 - Set database path to: C:\Users\alita\.stmcufinder\plugins\mcufinder//mcu/
2023-03-21 10:53:34,827 [INFO] DbMcusAds:124 - Set database path to: C:\Users\alita\.stmcufinder\plugins\mcufinder//mcu/
2023-03-21 10:53:34,920 [INFO] CrossReferenceDbSqlite:201 - Set database path to: C:\Users\alita\.stmcufinder\plugins\mcufinder//mcu/cs/
2023-03-21 10:53:35,163 [INFO] RulesReader:61 - Compatibility file has been processed (282 Rules)
2023-03-21 10:53:35,367 [INFO] DbMcusXml:77 - Set database path to: C:\ST\STM32CubeIDE_1.4.0\STM32CubeIDE\plugins\com.st.stm32cube.common.mx_6.6.1.202207061420\\db\/mcu/
2023-03-21 10:53:35,368 [INFO] ApiDb:269 - Set plugin database path to: C:\ST\STM32CubeIDE_1.4.0\STM32CubeIDE\plugins\com.st.stm32cube.common.mx_6.6.1.202207061420\\db\/plugins/boardmanager/
2023-03-21 10:53:35,368 [INFO] ApiDb:256 - Set plugin images path to: C:\ST\STM32CubeIDE_1.4.0\STM32CubeIDE\plugins\com.st.stm32cube.common.mx_6.6.1.202207061420\\db\/plugins/mcufinder/images/
2023-03-21 10:53:35,369 [WARN] DbFile:40 - Overriding database path with different value: C:\Users\alita\.stmcufinder\plugins\mcufinder/ => C:\Users\alita\.stmcufinder\plugins\mcufinder
2023-03-21 10:53:35,369 [INFO] ApiDb:249 - Set database path to: C:\Users\alita\.stmcufinder\plugins\mcufinder//mcu/
2023-03-21 10:53:35,370 [WARN] DbFile:40 - Overriding database path with different value: C:\Users\alita\.stmcufinder\plugins\mcufinder/ => C:\Users\alita\.stmcufinder\plugins\mcufinder
2023-03-21 10:53:35,370 [INFO] DbMcusAds:124 - Set database path to: C:\Users\alita\.stmcufinder\plugins\mcufinder//mcu/
2023-03-21 10:53:35,372 [WARN] DbFile:40 - Overriding database path with different value: C:\Users\alita\.stmcufinder\plugins\mcufinder/ => C:\Users\alita\.stmcufinder\plugins\mcufinder
2023-03-21 10:53:35,372 [WARN] DbFile:40 - Overriding database path with different value: C:\Users\alita\.stmcufinder\plugins\mcufinder/ => C:\Users\alita\.stmcufinder\plugins\mcufinder
2023-03-21 10:53:35,373 [INFO] CrossReferenceDbSqlite:201 - Set database path to: C:\Users\alita\.stmcufinder\plugins\mcufinder//mcu/cs/
2023-03-21 10:53:35,584 [INFO] MainPanel:242 - HeapMemory: 282066944
2023-03-21 10:53:35,949 [INFO] DbMcusXml:77 - Set database path to: C:\ST\STM32CubeIDE_1.4.0\STM32CubeIDE\plugins\com.st.stm32cube.common.mx_6.6.1.202207061420\\db\/mcu/
2023-03-21 10:53:35,949 [INFO] ApiDb:269 - Set plugin database path to: C:\ST\STM32CubeIDE_1.4.0\STM32CubeIDE\plugins\com.st.stm32cube.common.mx_6.6.1.202207061420\\db\/plugins/boardmanager/
2023-03-21 10:53:35,950 [INFO] ApiDb:256 - Set plugin images path to: C:\ST\STM32CubeIDE_1.4.0\STM32CubeIDE\plugins\com.st.stm32cube.common.mx_6.6.1.202207061420\\db\/plugins/mcufinder/images/
2023-03-21 10:53:35,951 [WARN] DbFile:40 - Overriding database path with different value: C:\Users\alita\.stmcufinder\plugins\mcufinder/ => C:\Users\alita\.stmcufinder\plugins\mcufinder
2023-03-21 10:53:35,952 [INFO] ApiDb:249 - Set database path to: C:\Users\alita\.stmcufinder\plugins\mcufinder//mcu/
2023-03-21 10:53:35,952 [WARN] DbFile:40 - Overriding database path with different value: C:\Users\alita\.stmcufinder\plugins\mcufinder/ => C:\Users\alita\.stmcufinder\plugins\mcufinder
2023-03-21 10:53:35,952 [INFO] DbMcusAds:124 - Set database path to: C:\Users\alita\.stmcufinder\plugins\mcufinder//mcu/
2023-03-21 10:53:35,953 [WARN] DbFile:40 - Overriding database path with different value: C:\Users\alita\.stmcufinder\plugins\mcufinder/ => C:\Users\alita\.stmcufinder\plugins\mcufinder
2023-03-21 10:53:35,953 [WARN] DbFile:40 - Overriding database path with different value: C:\Users\alita\.stmcufinder\plugins\mcufinder/ => C:\Users\alita\.stmcufinder\plugins\mcufinder
2023-03-21 10:53:35,953 [INFO] CrossReferenceDbSqlite:201 - Set database path to: C:\Users\alita\.stmcufinder\plugins\mcufinder//mcu/cs/
2023-03-21 10:53:36,009 [INFO] ApplicationProperties:181 - Using Application install path: C:\ST\STM32CubeIDE_1.4.0\STM32CubeIDE\plugins\com.st.stm32cube.common.mx_6.6.1.202207061420
2023-03-21 10:53:36,012 [INFO] PluginManage:193 - Search for loadable plugins [exclusion list=, ]
2023-03-21 10:53:36,016 [INFO] PluginManage:307 - Check plugin analytics
2023-03-21 10:53:36,308 [INFO] AnalyticsPlugin:262 - Accepted Software Licenses: 
2023-03-21 10:53:36,309 [INFO] AnalyticsPlugin:264 - Accepted CMSIS Pack Licenses: 
2023-03-21 10:53:36,309 [INFO] AnalyticsPlugin:266 - Accepted Firmware Licenses: 
2023-03-21 10:53:36,327 [INFO] PluginManage:356 - Loaded plugin analytics (category:tool,tabindex:-1)
2023-03-21 10:53:36,327 [INFO] PluginManage:307 - Check plugin cadmodel
2023-03-21 10:53:36,360 [INFO] CADModel:65 - Init CAD model plugin
2023-03-21 10:53:36,360 [INFO] PluginManage:356 - Loaded plugin cadmodel (category:power,tabindex:5)
2023-03-21 10:53:36,361 [INFO] PluginManage:307 - Check plugin clock
2023-03-21 10:53:36,400 [INFO] PluginManage:356 - Loaded plugin clock (category:base,tabindex:2)
2023-03-21 10:53:36,401 [INFO] PluginManage:307 - Check plugin ddr
2023-03-21 10:53:36,409 [INFO] PluginManage:356 - Loaded plugin ddr (category:tool,tabindex:6)
2023-03-21 10:53:36,409 [INFO] PluginManage:307 - Check plugin filemanager
2023-03-21 10:53:36,709 [INFO] PluginManage:356 - Loaded plugin filemanager (category:base,tabindex:10)
2023-03-21 10:53:36,710 [INFO] PluginManage:307 - Check plugin ipmanager
2023-03-21 10:53:36,725 [INFO] PluginManage:356 - Loaded plugin ipmanager (category:base,tabindex:5)
2023-03-21 10:53:36,726 [INFO] PluginManage:307 - Check plugin lpbam
2023-03-21 10:53:36,764 [INFO] PluginManage:356 - Loaded plugin lpbam (category:base,tabindex:0)
2023-03-21 10:53:36,766 [INFO] PluginManage:307 - Check plugin pinoutandconfiguration
2023-03-21 10:53:36,805 [INFO] PluginManage:356 - Loaded plugin pinoutandconfiguration (category:base,tabindex:1)
2023-03-21 10:53:36,806 [INFO] PluginManage:307 - Check plugin pinoutconfig
2023-03-21 10:53:36,949 [INFO] PluginManage:356 - Loaded plugin pinoutconfig (category:base,tabindex:0)
2023-03-21 10:53:36,950 [INFO] PluginManage:307 - Check plugin power
2023-03-21 10:53:36,995 [INFO] PluginManage:356 - Loaded plugin power (category:power,tabindex:4)
2023-03-21 10:53:36,995 [INFO] PluginManage:307 - Check plugin projectmanager
2023-03-21 10:53:37,021 [INFO] PluginManage:356 - Loaded plugin projectmanager (category:projectmanager,tabindex:3)
2023-03-21 10:53:37,021 [INFO] PluginManage:307 - Check plugin thirdparty
2023-03-21 10:53:37,494 [WARN] IntegrityCheckThread:82 - waiting for thirdparty lock release [integrity check]
2023-03-21 10:53:37,494 [INFO] PluginManage:356 - Loaded plugin thirdparty (category:base,tabindex:-1)
2023-03-21 10:53:37,495 [INFO] IntegrityCheckThread:84 - entering critical section [integrity check]
2023-03-21 10:53:37,495 [INFO] PluginManage:307 - Check plugin tools
2023-03-21 10:53:37,500 [INFO] ThirdPartyUpdaterWithRetryManager:70 - Updater plugin not ready yet. [1/15]
2023-03-21 10:53:37,537 [INFO] PluginManage:356 - Loaded plugin tools (category:base,tabindex:7)
2023-03-21 10:53:37,537 [INFO] PluginManage:307 - Check plugin tutovideos
2023-03-21 10:53:37,958 [INFO] PluginManage:356 - Loaded plugin tutovideos (category:base,tabindex:-1)
2023-03-21 10:53:37,958 [INFO] PluginManage:307 - Check plugin updater
2023-03-21 10:53:37,990 [INFO] PluginManage:356 - Loaded plugin updater (category:base,tabindex:12)
2023-03-21 10:53:37,991 [INFO] PluginManage:280 - PluginManage : Loaded plugins [15]
2023-03-21 10:53:38,670 [INFO] PinOutPanel:1468 - setPackage(No Configuration,No Configuration)
2023-03-21 10:53:38,801 [INFO] CADModel:98 - CPN selected for project level
2023-03-21 10:53:38,850 [INFO] IPUIPlugin:79 - create IPUIPlugin
2023-03-21 10:53:38,851 [INFO] PluginManager:217 - loadIPPluginJar : add adc
2023-03-21 10:53:38,898 [INFO] IPUIPlugin:79 - create IPUIPlugin
2023-03-21 10:53:38,899 [INFO] PluginManager:217 - loadIPPluginJar : add aes
2023-03-21 10:53:38,944 [INFO] IPUIPlugin:79 - create IPUIPlugin
2023-03-21 10:53:38,945 [INFO] PluginManager:217 - loadIPPluginJar : add can
2023-03-21 10:53:38,967 [INFO] IPUIPlugin:79 - create IPUIPlugin
2023-03-21 10:53:38,968 [INFO] PluginManager:217 - loadIPPluginJar : add comp
2023-03-21 10:53:39,001 [INFO] IPUIPlugin:79 - create IPUIPlugin
2023-03-21 10:53:39,001 [INFO] PluginManager:217 - loadIPPluginJar : add cryp
2023-03-21 10:53:39,030 [INFO] IPUIPlugin:79 - create IPUIPlugin
2023-03-21 10:53:39,030 [INFO] PluginManager:217 - loadIPPluginJar : add dfsdm
2023-03-21 10:53:39,053 [INFO] IPUIPlugin:79 - create IPUIPlugin
2023-03-21 10:53:39,054 [INFO] PluginManager:217 - loadIPPluginJar : add dma
2023-03-21 10:53:39,098 [INFO] IPUIPlugin:79 - create IPUIPlugin
2023-03-21 10:53:39,098 [INFO] PluginManager:217 - loadIPPluginJar : add dma3
2023-03-21 10:53:39,117 [INFO] IPUIPlugin:79 - create IPUIPlugin
2023-03-21 10:53:39,118 [INFO] PluginManager:217 - loadIPPluginJar : add fatfs
2023-03-21 10:53:39,183 [INFO] IPUIPlugin:79 - create IPUIPlugin
2023-03-21 10:53:39,184 [INFO] PluginManager:217 - loadIPPluginJar : add fmc
2023-03-21 10:53:39,210 [INFO] IPUIPlugin:79 - create IPUIPlugin
2023-03-21 10:53:39,211 [INFO] PluginManager:217 - loadIPPluginJar : add freertos
2023-03-21 10:53:39,241 [INFO] IPUIPlugin:79 - create IPUIPlugin
2023-03-21 10:53:39,242 [INFO] PluginManager:217 - loadIPPluginJar : add genericplugin
2023-03-21 10:53:39,363 [INFO] IPUIPlugin:79 - create IPUIPlugin
2023-03-21 10:53:39,363 [INFO] PluginManager:217 - loadIPPluginJar : add gfxmmu
2023-03-21 10:53:39,523 [INFO] IPUIPlugin:79 - create IPUIPlugin
2023-03-21 10:53:39,523 [INFO] PluginManager:217 - loadIPPluginJar : add gic
2023-03-21 10:53:39,548 [INFO] IPUIPlugin:79 - create IPUIPlugin
2023-03-21 10:53:39,549 [INFO] PluginManager:217 - loadIPPluginJar : add gpio
2023-03-21 10:53:39,722 [INFO] IPUIPlugin:79 - create IPUIPlugin
2023-03-21 10:53:39,723 [INFO] PluginManager:217 - loadIPPluginJar : add gtzc
2023-03-21 10:53:39,804 [INFO] IPUIPlugin:79 - create IPUIPlugin
2023-03-21 10:53:39,804 [INFO] PluginManager:217 - loadIPPluginJar : add hash
2023-03-21 10:53:39,889 [INFO] IPUIPlugin:79 - create IPUIPlugin
2023-03-21 10:53:39,889 [INFO] PluginManager:217 - loadIPPluginJar : add i2c
2023-03-21 10:53:39,976 [INFO] IPUIPlugin:79 - create IPUIPlugin
2023-03-21 10:53:39,976 [INFO] PluginManager:217 - loadIPPluginJar : add i2s
2023-03-21 10:53:40,190 [INFO] IPUIPlugin:79 - create IPUIPlugin
2023-03-21 10:53:40,190 [INFO] PluginManager:217 - loadIPPluginJar : add ipddr
2023-03-21 10:53:40,368 [INFO] IPUIPlugin:79 - create IPUIPlugin
2023-03-21 10:53:40,369 [INFO] PluginManager:217 - loadIPPluginJar : add linkedlist
2023-03-21 10:53:40,429 [INFO] IPUIPlugin:79 - create IPUIPlugin
2023-03-21 10:53:40,432 [INFO] PluginManager:217 - loadIPPluginJar : add lorawan
2023-03-21 10:53:40,490 [INFO] IPUIPlugin:79 - create IPUIPlugin
2023-03-21 10:53:40,491 [INFO] PluginManager:217 - loadIPPluginJar : add ltdc
2023-03-21 10:53:40,516 [INFO] ThirdPartyUpdaterWithRetryManager:70 - Updater plugin not ready yet. [2/15]
2023-03-21 10:53:40,553 [INFO] IPUIPlugin:79 - create IPUIPlugin
2023-03-21 10:53:40,554 [INFO] PluginManager:217 - loadIPPluginJar : add mdma
2023-03-21 10:53:40,589 [INFO] IPUIPlugin:79 - create IPUIPlugin
2023-03-21 10:53:40,590 [INFO] PluginManager:217 - loadIPPluginJar : add nvic
2023-03-21 10:53:40,673 [INFO] IPUIPlugin:79 - create IPUIPlugin
2023-03-21 10:53:40,673 [INFO] PluginManager:217 - loadIPPluginJar : add opamp
2023-03-21 10:53:40,825 [INFO] IPUIPlugin:79 - create IPUIPlugin
2023-03-21 10:53:40,826 [INFO] PluginManager:217 - loadIPPluginJar : add openamp
2023-03-21 10:53:40,897 [INFO] IPUIPlugin:79 - create IPUIPlugin
2023-03-21 10:53:40,899 [INFO] PluginManager:217 - loadIPPluginJar : add pdm2pcm
2023-03-21 10:53:40,932 [INFO] IPUIPlugin:79 - create IPUIPlugin
2023-03-21 10:53:40,937 [INFO] PluginManager:217 - loadIPPluginJar : add plateformsettings
2023-03-21 10:53:40,967 [INFO] IPUIPlugin:79 - create IPUIPlugin
2023-03-21 10:53:40,967 [INFO] PluginManager:217 - loadIPPluginJar : add quadspi
2023-03-21 10:53:40,990 [INFO] IPUIPlugin:79 - create IPUIPlugin
2023-03-21 10:53:40,990 [INFO] PluginManager:217 - loadIPPluginJar : add resmgrutility
2023-03-21 10:53:41,052 [INFO] IPUIPlugin:79 - create IPUIPlugin
2023-03-21 10:53:41,053 [INFO] PluginManager:217 - loadIPPluginJar : add sai
2023-03-21 10:53:41,092 [INFO] IPUIPlugin:79 - create IPUIPlugin
2023-03-21 10:53:41,093 [INFO] PluginManager:217 - loadIPPluginJar : add spi
2023-03-21 10:53:41,155 [INFO] IPUIPlugin:79 - create IPUIPlugin
2023-03-21 10:53:41,155 [INFO] PluginManager:217 - loadIPPluginJar : add stm32_wpan
2023-03-21 10:53:41,181 [INFO] IPUIPlugin:79 - create IPUIPlugin
2023-03-21 10:53:41,182 [INFO] PluginManager:217 - loadIPPluginJar : add tim
2023-03-21 10:53:41,259 [INFO] IPUIPlugin:79 - create IPUIPlugin
2023-03-21 10:53:41,260 [INFO] PluginManager:217 - loadIPPluginJar : add touchsensing
2023-03-21 10:53:41,289 [INFO] IPUIPlugin:79 - create IPUIPlugin
2023-03-21 10:53:41,289 [INFO] PluginManager:217 - loadIPPluginJar : add tracer_emb
2023-03-21 10:53:41,317 [INFO] IPUIPlugin:79 - create IPUIPlugin
2023-03-21 10:53:41,318 [INFO] PluginManager:217 - loadIPPluginJar : add ts
2023-03-21 10:53:41,345 [INFO] IPUIPlugin:79 - create IPUIPlugin
2023-03-21 10:53:41,345 [INFO] PluginManager:217 - loadIPPluginJar : add tsc
2023-03-21 10:53:41,370 [INFO] IPUIPlugin:79 - create IPUIPlugin
2023-03-21 10:53:41,370 [INFO] PluginManager:217 - loadIPPluginJar : add ucpd
2023-03-21 10:53:41,439 [INFO] IPUIPlugin:79 - create IPUIPlugin
2023-03-21 10:53:41,440 [INFO] PluginManager:217 - loadIPPluginJar : add usart
2023-03-21 10:53:41,515 [INFO] IPUIPlugin:79 - create IPUIPlugin
2023-03-21 10:53:41,515 [INFO] PluginManager:217 - loadIPPluginJar : add usbx
2023-03-21 10:53:42,022 [FATAL] Updater:301 - Updater called before beeing initialized
2023-03-21 10:53:42,516 [FATAL] Updater:301 - Updater called before beeing initialized
2023-03-21 10:53:42,576 [INFO] DbMcusAds:52 - JSON generation date=Tue Mar 07 10:50:55 EET 2023 (1678179055114)
2023-03-21 10:53:42,577 [FATAL] Updater:301 - Updater called before beeing initialized
2023-03-21 10:53:42,851 [WARN] DetailPanel:344 - Failed to get advertising image, set to default
2023-03-21 10:53:43,347 [FATAL] Updater:301 - Updater called before beeing initialized
2023-03-21 10:53:43,355 [FATAL] Updater:301 - Updater called before beeing initialized
2023-03-21 10:53:43,355 [FATAL] Updater:301 - Updater called before beeing initialized
2023-03-21 10:53:43,356 [WARN] DetailPanel:344 - Failed to get advertising image, set to default
2023-03-21 10:53:43,361 [FATAL] Updater:301 - Updater called before beeing initialized
2023-03-21 10:53:43,545 [INFO] ThirdPartyUpdaterWithRetryManager:70 - Updater plugin not ready yet. [3/15]
2023-03-21 10:53:43,602 [ERROR] Updater:1105 - MainUpdater not yet initialized. External WinMGr cannot be set.
2023-03-21 10:53:43,619 [INFO] Updater:1041 - Updater Version found : 6.6.1
2023-03-21 10:53:43,659 [INFO] ApplicationProperties:181 - Using Application install path: C:\ST\STM32CubeIDE_1.4.0\STM32CubeIDE\plugins\com.st.stm32cube.common.mx_6.6.1.202207061420
2023-03-21 10:53:44,824 [INFO] MainUpdater:2768 - connection check result : 10
2023-03-21 10:53:44,826 [INFO] MainUpdater:280 - Updater Check For Update Now.
2023-03-21 10:53:44,827 [INFO] MicroXplorer:481 - Change Database Version : DB.6.0.60
2023-03-21 10:53:45,192 [INFO] CheckServerUpdateThread:119 - End of CheckServer Thread
2023-03-21 10:53:45,282 [INFO] MainUpdater:2768 - connection check result : 10
2023-03-21 10:53:46,321 [INFO] McuFinderGlobals:57 - Set McuFinderConnectedMode to true
2023-03-21 10:53:46,340 [INFO] MultiScanPanel:195 - Auto-refresh data requested => check proxy status ongoing
2023-03-21 10:53:46,352 [INFO] FinderPluginLoader:92 - Searching for filters in installed packs
2023-03-21 10:53:46,689 [INFO] ApiDb:576 - Connected to CubeFinder SQLite database (C:\Users\alita\.stmcufinder\plugins\mcufinder\mcu\cube-finder-db.db)
2023-03-21 10:53:47,120 [INFO] ApiDb:663 - CubeFinder database Data Model version=2.1
2023-03-21 10:53:47,120 [INFO] ApiDb:664 - CubeFinder database Configuration version=3.0.35
2023-03-21 10:53:47,120 [INFO] ApiDb:665 - CubeFinder database generation date=2023-03-10 (1678456172)
2023-03-21 10:53:47,121 [INFO] ApiDb:666 - CubeFinder database FW Pack versions=[FP-ATR-ASTRA1_V1.1.1, STM32Cube_FW_C0_V1.0.1, STM32Cube_FW_F0_V1.11.4, STM32Cube_FW_F3_V1.11.4, STM32Cube_FW_F4_V1.27.1, STM32Cube_FW_F7_V1.17.0, STM32Cube_FW_G0_V1.6.1, STM32Cube_FW_G4_V1.5.1, STM32Cube_FW_H5_V0.5.1, STM32Cube_FW_H5_V1.0.0, STM32Cube_FW_H7_V1.11.0, STM32Cube_FW_L0_V1.12.2, STM32Cube_FW_L5_V1.5.0, STM32Cube_FW_U5_V1.2.0, STM32Cube_FW_WBA_V1.0.0, STM32Cube_FW_WBA_V1.0.0RC1, STM32Cube_FW_WBA_V1.0.0RC3, STM32Cube_FW_WB_V1.15.0RC1, STM32Cube_FW_WB_V1.16.0, STM32Cube_FW_WB_V1.16.0RC2, STM32Cube_FW_WL_V1.3.0, X-CUBE-ALGOBUILD_V1.3.0, X-CUBE-ALS_V1.0.1, X-CUBE-AZRTOS-F4_V1.1.0, X-CUBE-AZRTOS-F7_V1.1.0, X-CUBE-AZRTOS-G0_V1.1.0, X-CUBE-AZRTOS-G4_V1.0.0, X-CUBE-AZRTOS-H7_V3.0.0, X-CUBE-AZRTOS-L4_V1.0.0, X-CUBE-AZRTOS-L5_V1.1.0, X-CUBE-AZRTOS-WB_V1.1.0, X-CUBE-AZRTOS-WL_V1.0.0, X-CUBE-BLE1_V6.2.4, X-CUBE-BLE2_V3.3.0, X-CUBE-BLEMGR_V1.3.0, X-CUBE-EEPRMA1_V4.1.0, X-CUBE-GNSS1_V6.0.0, X-CUBE-MEMS1_V9.1.0, X-CUBE-MEMS1_V9.4.0, X-CUBE-MEMS1_V9.5.0, X-CUBE-NFC4_V3.0.0, X-CUBE-NFC7_V1.0.0, X-CUBE-SFXS2LP1_V4.0.0, X-CUBE-SUBG2_V5.0.0]
2023-03-21 10:53:47,208 [WARN] PackLoader:242 - Cannot read IP mode file for STMicroelectronics.X-CUBE-BLE1.6.2.4
2023-03-21 10:53:47,246 [WARN] PackLoader:242 - Cannot read IP mode file for STMicroelectronics.X-CUBE-BLEMGR.2.0.0
2023-03-21 10:53:47,332 [WARN] PackLoader:242 - Cannot read IP mode file for STMicroelectronics.X-CUBE-DISPLAY.3.0.0
2023-03-21 10:53:47,414 [WARN] PackLoader:242 - Cannot read IP mode file for STMicroelectronics.X-CUBE-EEPRMA1.4.1.0
2023-03-21 10:53:47,509 [WARN] PackLoader:242 - Cannot read IP mode file for WES.I-CUBE-Cesium.1.3.0
2023-03-21 10:53:47,649 [WARN] PackLoader:242 - Cannot read IP mode file for STMicroelectronics.X-CUBE-TOF1.3.2.0
2023-03-21 10:53:48,024 [WARN] PackLoader:242 - Cannot read IP mode file for STMicroelectronics.X-CUBE-AZRTOS-H7.3.0.0
2023-03-21 10:53:48,281 [WARN] PackLoader:242 - Cannot read IP mode file for STMicroelectronics.X-CUBE-ISPU.1.1.0
2023-03-21 10:53:48,322 [WARN] PackLoader:242 - Cannot read IP mode file for STMicroelectronics.X-CUBE-AI.8.0.0
2023-03-21 10:53:48,550 [WARN] PackLoader:242 - Cannot read IP mode file for STMicroelectronics.X-CUBE-FREERTOS.1.0.0
2023-03-21 10:53:48,577 [WARN] PackLoader:242 - Cannot read IP mode file for STMicroelectronics.X-CUBE-TOUCHGFX.4.21.1
2023-03-21 10:53:48,599 [WARN] PackLoader:242 - Cannot read IP mode file for STMicroelectronics.X-CUBE-AI.7.3.0
2023-03-21 10:53:48,743 [WARN] PackLoader:242 - Cannot read IP mode file for STMicroelectronics.X-CUBE-AZRTOS-L5.1.1.0
2023-03-21 10:53:48,914 [WARN] PackLoader:242 - Cannot read IP mode file for STMicroelectronics.X-CUBE-NFC4.3.0.0
2023-03-21 10:53:49,004 [WARN] PackLoader:242 - Cannot read IP mode file for STMicroelectronics.FP-ATR-ASTRA1.1.1.1
2023-03-21 10:53:49,087 [WARN] PackLoader:242 - Cannot read IP mode file for STMicroelectronics.X-CUBE-BLEMGR.1.3.0
2023-03-21 10:53:49,209 [WARN] PackLoader:242 - Cannot read IP mode file for STMicroelectronics.FP-ATR-SIGFOX1.3.2.0
2023-03-21 10:53:49,508 [WARN] PackLoader:242 - Cannot read IP mode file for STMicroelectronics.X-CUBE-MEMS1.9.5.0
2023-03-21 10:53:50,566 [WARN] PackLoader:242 - Cannot read IP mode file for STMicroelectronics.X-CUBE-AZRTOS-WB.1.1.0
2023-03-21 10:53:50,866 [WARN] PackLoader:242 - Cannot read IP mode file for SEGGER.I-CUBE-embOS.1.3.1
2023-03-21 10:53:51,033 [INFO] ThirdParty:929 - Integrity check success = true
2023-03-21 10:53:51,034 [INFO] IntegrityCheckThread:98 - exiting critical section [integrity check]
2023-03-21 10:53:51,034 [INFO] IntegrityCheckThread:101 - End integrity checks thread
2023-03-21 10:53:55,080 [INFO] ApiDb:239 - Found 138 in-development CPN: [B-WB1M-WPAN1, NUCLEO-C031C6, STEVAL-STWINBX1, STM320518-EVAL, STM32C0116-DK, STM32C011D6Y3TR, STM32C011D6Y6TR, STM32C011F4P3, STM32C011F4P6, STM32C011F4U3, STM32C011F4U6TR, STM32C011F6P3, STM32C011F6P6, STM32C011F6U3, STM32C011F6U6TR, STM32C011J4M3, STM32C011J4M6, STM32C011J6M3, STM32C011J6M6, STM32C0316-DK, STM32C031C4T3, STM32C031C4T6, STM32C031C4U3, STM32C031C4U6, STM32C031C6T3, STM32C031C6T6, STM32C031C6U3, STM32C031C6U6, STM32C031F4P3, STM32C031F4P6, STM32C031F6P3, STM32C031F6P6, STM32C031G4U3, STM32C031G4U6, STM32C031G6U3, STM32C031G6U6, STM32C031K4T3, STM32C031K4T6, STM32C031K4U3, STM32C031K4U6, STM32C031K6T3, STM32C031K6T6, STM32C031K6U3, STM32C031K6U6, STM32G071K8TXN, STM32G071K8UXN, STM32G081GBU6N, STM32G081KBT6N, STM32G081KBUXN, STM32G0B1CCT6N, STM32G0B1KCT6, STM32G0B1NEY6TR, STM32G0B1RCT6N, STM32G0C1CCT6, STM32G0C1CCT6N, STM32G0C1CCU6N, STM32G0C1CET6N, STM32G0C1CEU6N, STM32G0C1KCT6, STM32G0C1NEY6TR, STM32G0C1RCI6N, STM32G0C1RCT6N, STM32G0C1REI6N, STM32G0C1RET6N, STM32G0C1VCI6, STM32G0C1VEI6, STM32G471CCT6, STM32G471CCU6, STM32G471CET3, STM32G471CET6, STM32G471CEU3, STM32G471CEU6, STM32G471MCT6, STM32G471MET3, STM32G471MET6, STM32G471MEY6TR, STM32G471QCT6, STM32G471QET3, STM32G471RCT6, STM32G471RET3, STM32G471RET6, STM32G471VCH6, STM32G471VCI6, STM32G471VCT6, STM32G471VEH3, STM32G471VEH6, STM32G471VEI3, STM32G471VEI6, STM32G471VET3, STM32G471VET6, STM32G474CCT6, STM32L476VGY6PTR, STM32L4R5QGI6STR, STM32MP131AAE3, STM32MP131AAF3, STM32MP131AAG3, STM32MP131CAE3, STM32MP131CAF3, STM32MP131CAG3, STM32MP131DAE7, STM32MP131DAF7, STM32MP131DAG7, STM32MP131FAE7, STM32MP131FAF7, STM32MP131FAG7, STM32MP133AAE3, STM32MP133AAF3, STM32MP133AAG3, STM32MP133CAE3, STM32MP133CAF3, STM32MP133CAG3, STM32MP133DAE7, STM32MP133DAF7, STM32MP133DAG7, STM32MP133FAE7, STM32MP133FAF7, STM32MP133FAG7, STM32MP135AAE3, STM32MP135AAF3, STM32MP135AAG3, STM32MP135CAE3, STM32MP135CAF3, STM32MP135CAG3, STM32MP135DAE7, STM32MP135DAF7, STM32MP135DAG7, STM32MP135F-DK, STM32MP135FAE7, STM32MP135FAF7, STM32MP135FAG7, STM32U595ZJT6Q, STM32U599BJY6QTR, STM32U599NIH6Q, STM32U599NJH6Q, STM32U5A5ZJT6Q, STM32U5A9BJY6QTR, STM32U5A9NJH6Q, STM32WB1MMCH6]
2023-03-21 10:53:55,125 [INFO] DbMcus:215 - Found 3678 MCUs, 3678 are supported
2023-03-21 10:53:55,178 [INFO] ApiDb:418 - Load user favorites file C:\Users\alita/.stm32cubeide/favorites.mcus.txt: 0 item(s)
2023-03-21 10:53:55,179 [INFO] ApiDb:422 - User favorites MCUs=[]
2023-03-21 10:53:55,180 [INFO] DbMcus:221 - Set 0 / 0 favorites MCUs
2023-03-21 10:53:59,829 [INFO] LoadUrlFilesThread:177 - End of LoadServerUrlFiles without Thread
2023-03-21 10:53:59,958 [INFO] DetailPanel:339 - Set advertising image to C:/Users/alita/STM32Cube/Repository/\en.prom-stm32h5-mcu-finder.jpg
2023-03-21 10:54:04,197 [INFO] ToolPreferences:109 - Table McuList, key=mcufinder_cubeide.mculist: column name not found=IO
2023-03-21 10:54:04,198 [INFO] ToolPreferences:109 - Table McuList, key=mcufinder_cubeide.mculist: column name not found=Freq.
2023-03-21 10:54:04,200 [INFO] MultiScanPanel:778 - Auto Refresh Data is not needed
2023-03-21 10:54:04,221 [INFO] ApiDb:663 - CubeFinder database Data Model version=2.1
2023-03-21 10:54:04,221 [INFO] ApiDb:664 - CubeFinder database Configuration version=3.0.35
2023-03-21 10:54:04,221 [INFO] ApiDb:665 - CubeFinder database generation date=2023-03-10 (1678456172)
2023-03-21 10:54:04,222 [INFO] ApiDb:666 - CubeFinder database FW Pack versions=[FP-ATR-ASTRA1_V1.1.1, STM32Cube_FW_C0_V1.0.1, STM32Cube_FW_F0_V1.11.4, STM32Cube_FW_F3_V1.11.4, STM32Cube_FW_F4_V1.27.1, STM32Cube_FW_F7_V1.17.0, STM32Cube_FW_G0_V1.6.1, STM32Cube_FW_G4_V1.5.1, STM32Cube_FW_H5_V0.5.1, STM32Cube_FW_H5_V1.0.0, STM32Cube_FW_H7_V1.11.0, STM32Cube_FW_L0_V1.12.2, STM32Cube_FW_L5_V1.5.0, STM32Cube_FW_U5_V1.2.0, STM32Cube_FW_WBA_V1.0.0, STM32Cube_FW_WBA_V1.0.0RC1, STM32Cube_FW_WBA_V1.0.0RC3, STM32Cube_FW_WB_V1.15.0RC1, STM32Cube_FW_WB_V1.16.0, STM32Cube_FW_WB_V1.16.0RC2, STM32Cube_FW_WL_V1.3.0, X-CUBE-ALGOBUILD_V1.3.0, X-CUBE-ALS_V1.0.1, X-CUBE-AZRTOS-F4_V1.1.0, X-CUBE-AZRTOS-F7_V1.1.0, X-CUBE-AZRTOS-G0_V1.1.0, X-CUBE-AZRTOS-G4_V1.0.0, X-CUBE-AZRTOS-H7_V3.0.0, X-CUBE-AZRTOS-L4_V1.0.0, X-CUBE-AZRTOS-L5_V1.1.0, X-CUBE-AZRTOS-WB_V1.1.0, X-CUBE-AZRTOS-WL_V1.0.0, X-CUBE-BLE1_V6.2.4, X-CUBE-BLE2_V3.3.0, X-CUBE-BLEMGR_V1.3.0, X-CUBE-EEPRMA1_V4.1.0, X-CUBE-GNSS1_V6.0.0, X-CUBE-MEMS1_V9.1.0, X-CUBE-MEMS1_V9.4.0, X-CUBE-MEMS1_V9.5.0, X-CUBE-NFC4_V3.0.0, X-CUBE-NFC7_V1.0.0, X-CUBE-SFXS2LP1_V4.0.0, X-CUBE-SUBG2_V5.0.0]
2023-03-21 10:54:04,532 [INFO] DbBoardsSqlite:227 - include board P-NUCLEO-WB55-NUCLEO as a kit item of type 'Nucleo-64'
2023-03-21 10:54:04,533 [INFO] DbBoardsSqlite:227 - include board P-NUCLEO-WB55-USBDONGLE as a kit item of type 'Nucleo USB Dongle'
2023-03-21 10:54:04,534 [INFO] DbBoardsSqlite:227 - include board STEVAL-IDP005V1 as a kit item of type 'Evaluation Board'
2023-03-21 10:54:04,534 [INFO] DbBoardsSqlite:227 - include board STEVAL-IDP005V2 as a kit item of type 'Evaluation Board'
2023-03-21 10:54:04,863 [INFO] ApiDb:239 - Found 138 in-development CPN: [B-WB1M-WPAN1, NUCLEO-C031C6, STEVAL-STWINBX1, STM320518-EVAL, STM32C0116-DK, STM32C011D6Y3TR, STM32C011D6Y6TR, STM32C011F4P3, STM32C011F4P6, STM32C011F4U3, STM32C011F4U6TR, STM32C011F6P3, STM32C011F6P6, STM32C011F6U3, STM32C011F6U6TR, STM32C011J4M3, STM32C011J4M6, STM32C011J6M3, STM32C011J6M6, STM32C0316-DK, STM32C031C4T3, STM32C031C4T6, STM32C031C4U3, STM32C031C4U6, STM32C031C6T3, STM32C031C6T6, STM32C031C6U3, STM32C031C6U6, STM32C031F4P3, STM32C031F4P6, STM32C031F6P3, STM32C031F6P6, STM32C031G4U3, STM32C031G4U6, STM32C031G6U3, STM32C031G6U6, STM32C031K4T3, STM32C031K4T6, STM32C031K4U3, STM32C031K4U6, STM32C031K6T3, STM32C031K6T6, STM32C031K6U3, STM32C031K6U6, STM32G071K8TXN, STM32G071K8UXN, STM32G081GBU6N, STM32G081KBT6N, STM32G081KBUXN, STM32G0B1CCT6N, STM32G0B1KCT6, STM32G0B1NEY6TR, STM32G0B1RCT6N, STM32G0C1CCT6, STM32G0C1CCT6N, STM32G0C1CCU6N, STM32G0C1CET6N, STM32G0C1CEU6N, STM32G0C1KCT6, STM32G0C1NEY6TR, STM32G0C1RCI6N, STM32G0C1RCT6N, STM32G0C1REI6N, STM32G0C1RET6N, STM32G0C1VCI6, STM32G0C1VEI6, STM32G471CCT6, STM32G471CCU6, STM32G471CET3, STM32G471CET6, STM32G471CEU3, STM32G471CEU6, STM32G471MCT6, STM32G471MET3, STM32G471MET6, STM32G471MEY6TR, STM32G471QCT6, STM32G471QET3, STM32G471RCT6, STM32G471RET3, STM32G471RET6, STM32G471VCH6, STM32G471VCI6, STM32G471VCT6, STM32G471VEH3, STM32G471VEH6, STM32G471VEI3, STM32G471VEI6, STM32G471VET3, STM32G471VET6, STM32G474CCT6, STM32L476VGY6PTR, STM32L4R5QGI6STR, STM32MP131AAE3, STM32MP131AAF3, STM32MP131AAG3, STM32MP131CAE3, STM32MP131CAF3, STM32MP131CAG3, STM32MP131DAE7, STM32MP131DAF7, STM32MP131DAG7, STM32MP131FAE7, STM32MP131FAF7, STM32MP131FAG7, STM32MP133AAE3, STM32MP133AAF3, STM32MP133AAG3, STM32MP133CAE3, STM32MP133CAF3, STM32MP133CAG3, STM32MP133DAE7, STM32MP133DAF7, STM32MP133DAG7, STM32MP133FAE7, STM32MP133FAF7, STM32MP133FAG7, STM32MP135AAE3, STM32MP135AAF3, STM32MP135AAG3, STM32MP135CAE3, STM32MP135CAF3, STM32MP135CAG3, STM32MP135DAE7, STM32MP135DAF7, STM32MP135DAG7, STM32MP135F-DK, STM32MP135FAE7, STM32MP135FAF7, STM32MP135FAG7, STM32U595ZJT6Q, STM32U599BJY6QTR, STM32U599NIH6Q, STM32U599NJH6Q, STM32U5A5ZJT6Q, STM32U5A9BJY6QTR, STM32U5A9NJH6Q, STM32WB1MMCH6]
2023-03-21 10:54:05,199 [INFO] BoardInfo:879 - No configuration file found for board P-NUCLEO-WB55
2023-03-21 10:54:05,200 [INFO] DbBoards:156 - Kit is not supported: P-NUCLEO-WB55
2023-03-21 10:54:05,207 [INFO] BoardInfo:879 - No configuration file found for board STEVAL-BFA001V1B
2023-03-21 10:54:05,207 [INFO] DbBoards:156 - Kit is not supported: STEVAL-BFA001V1B
2023-03-21 10:54:05,208 [INFO] BoardInfo:879 - No configuration file found for board STEVAL-BFA001V2B
2023-03-21 10:54:05,209 [INFO] DbBoards:156 - Kit is not supported: STEVAL-BFA001V2B
2023-03-21 10:54:05,218 [INFO] BoardInfo:879 - No configuration file found for board STEVAL-PROTEUS1
2023-03-21 10:54:05,218 [INFO] DbBoards:156 - Board is not supported: STEVAL-PROTEUS1
2023-03-21 10:54:05,556 [INFO] DbBoards:160 - Found 178 boards, 174 are supported
2023-03-21 10:54:05,570 [INFO] ApiDb:418 - Load user favorites file C:\Users\alita/.stm32cubeide/favorites.boards.txt: 0 item(s)
2023-03-21 10:54:05,571 [INFO] ApiDb:422 - User favorites Boards=[]
2023-03-21 10:54:05,571 [INFO] DbBoards:189 - Set 0 / 0 favorites Boards
2023-03-21 10:55:05,456 [INFO] MainUpdater:2768 - connection check result : 10
2023-03-21 10:55:05,662 [INFO] McuFinderGlobals:57 - Set McuFinderConnectedMode to true
2023-03-21 10:55:05,664 [INFO] MultiScanPanel:195 - Auto-refresh data requested => check proxy status ongoing
2023-03-21 10:55:05,665 [INFO] FinderPluginLoader:92 - Searching for filters in installed packs
2023-03-21 10:55:07,708 [INFO] LoadUrlFilesThread:177 - End of LoadServerUrlFiles without Thread
2023-03-21 10:55:07,708 [INFO] DetailPanel:339 - Set advertising image to C:/Users/alita/STM32Cube/Repository/\en.prom-stm32h5-mcu-finder.jpg
2023-03-21 10:55:10,210 [INFO] ToolPreferences:109 - Table McuList, key=mcufinder_cubeide.mculist: column name not found=IO
2023-03-21 10:55:10,210 [INFO] ToolPreferences:109 - Table McuList, key=mcufinder_cubeide.mculist: column name not found=Freq.
2023-03-21 10:55:10,211 [INFO] MultiScanPanel:778 - Auto Refresh Data is not needed
2023-03-21 10:55:14,970 [INFO] McuFinderGlobals:57 - Set McuFinderConnectedMode to true
2023-03-21 10:55:15,005 [INFO] ApiDb:443 - Save user favorites file C:\Users\alita/.stm32cubeide/favorites.mcus.txt: 0 item(s)
2023-03-21 10:55:15,005 [INFO] ApiDb:447 - User favorites MCUs=[]
2023-03-21 10:55:54,706 [INFO] MainUpdater:2768 - connection check result : 10
2023-03-21 10:55:54,943 [INFO] McuFinderGlobals:57 - Set McuFinderConnectedMode to true
2023-03-21 10:55:54,944 [INFO] MultiScanPanel:195 - Auto-refresh data requested => check proxy status ongoing
2023-03-21 10:55:54,944 [INFO] FinderPluginLoader:92 - Searching for filters in installed packs
2023-03-21 10:55:57,190 [INFO] LoadUrlFilesThread:177 - End of LoadServerUrlFiles without Thread
2023-03-21 10:55:57,190 [INFO] DetailPanel:339 - Set advertising image to C:/Users/alita/STM32Cube/Repository/\en.prom-stm32h5-mcu-finder.jpg
2023-03-21 10:55:58,104 [INFO] ToolPreferences:109 - Table McuList, key=mcufinder_cubeide.mculist: column name not found=IO
2023-03-21 10:55:58,104 [INFO] ToolPreferences:109 - Table McuList, key=mcufinder_cubeide.mculist: column name not found=Freq.
2023-03-21 10:55:58,105 [INFO] MultiScanPanel:778 - Auto Refresh Data is not needed
2023-03-21 10:56:53,320 [INFO] MultiScanPanel:195 - Auto-refresh data requested => check proxy status ongoing
2023-03-21 10:56:53,553 [INFO] LoadUrlFilesThread:177 - End of LoadServerUrlFiles without Thread
2023-03-21 10:56:53,553 [INFO] DetailPanel:339 - Set advertising image to C:/Users/alita/STM32Cube/Repository/\en.prom-stm32h5-mcu-finder.jpg
2023-03-21 10:56:53,573 [INFO] DbBoards:628 - Loading board mini-images...
2023-03-21 10:56:54,396 [ERROR] DbBoards:648 - No image file defined for board B-WB1M-WPAN1
2023-03-21 10:56:54,396 [ERROR] DbBoards:645 - Image file not found for board NUCLEO-C031C6: C:\ST\STM32CubeIDE_1.4.0\STM32CubeIDE\plugins\com.st.stm32cube.common.mx_6.6.1.202207061420\\db\/plugins/mcufinder/images/boards/bp-nucleo-c031c6.jpg
2023-03-21 10:56:58,630 [ERROR] DbBoards:648 - No image file defined for board NUCLEO-WB15CC
2023-03-21 10:56:58,908 [ERROR] DbBoards:645 - Image file not found for board STEVAL-PROTEUS1: C:\ST\STM32CubeIDE_1.4.0\STM32CubeIDE\plugins\com.st.stm32cube.common.mx_6.6.1.202207061420\\db\/plugins/mcufinder/images/boards/steval-proteus1_image.jpg
2023-03-21 10:56:58,909 [ERROR] DbBoards:645 - Image file not found for board STEVAL-STWINBX1: C:\ST\STM32CubeIDE_1.4.0\STM32CubeIDE\plugins\com.st.stm32cube.common.mx_6.6.1.202207061420\\db\/plugins/mcufinder/images/boards/stwinbx1-image.jpg
2023-03-21 10:56:59,000 [ERROR] DbBoards:645 - Image file not found for board STM320518-EVAL: C:\ST\STM32CubeIDE_1.4.0\STM32CubeIDE\plugins\com.st.stm32cube.common.mx_6.6.1.202207061420\\db\/plugins/mcufinder/images/boards/stm320518-eval.jpg
2023-03-21 10:56:59,017 [ERROR] DbBoards:648 - No image file defined for board STM32091C-EVAL
2023-03-21 10:56:59,017 [ERROR] DbBoards:648 - No image file defined for board STM32100E-EVAL
2023-03-21 10:56:59,017 [ERROR] DbBoards:648 - No image file defined for board STM3210C-EVAL
2023-03-21 10:56:59,051 [ERROR] DbBoards:648 - No image file defined for board STM3221G-EVAL
2023-03-21 10:56:59,051 [ERROR] DbBoards:648 - No image file defined for board STM32303C-EVAL
2023-03-21 10:56:59,233 [ERROR] DbBoards:648 - No image file defined for board STM32479I-EVAL
2023-03-21 10:56:59,234 [ERROR] DbBoards:648 - No image file defined for board STM32746G-EVAL2
2023-03-21 10:56:59,248 [ERROR] DbBoards:645 - Image file not found for board STM32C0116-DK: C:\ST\STM32CubeIDE_1.4.0\STM32CubeIDE\plugins\com.st.stm32cube.common.mx_6.6.1.202207061420\\db\/plugins/mcufinder/images/boards/bp-stm32c0116-dk.jpg
2023-03-21 10:56:59,249 [ERROR] DbBoards:645 - Image file not found for board STM32C0316-DK: C:\ST\STM32CubeIDE_1.4.0\STM32CubeIDE\plugins\com.st.stm32cube.common.mx_6.6.1.202207061420\\db\/plugins/mcufinder/images/boards/bp-stm32c0316-dk.jpg
2023-03-21 10:56:59,330 [ERROR] DbBoards:648 - No image file defined for board STM32F401C-DISCO
2023-03-21 10:56:59,475 [ERROR] DbBoards:648 - No image file defined for board STM32F7308-DK
2023-03-21 10:56:59,564 [ERROR] DbBoards:648 - No image file defined for board STM32F779I-EVAL
2023-03-21 10:56:59,694 [ERROR] DbBoards:648 - No image file defined for board STM32G474E-EVAL1
2023-03-21 10:56:59,804 [ERROR] DbBoards:648 - No image file defined for board STM32H747I-EVAL
2023-03-21 10:56:59,884 [ERROR] DbBoards:648 - No image file defined for board STM32L-DISCOVERY
2023-03-21 10:56:59,963 [ERROR] DbBoards:648 - No image file defined for board STM32L152D-EVAL
2023-03-21 10:57:00,849 [ERROR] DbBoards:648 - No image file defined for board STM32MP135F-DK
2023-03-21 10:57:01,668 [INFO] DbBoards:651 - Loaded 155 board mini-images
2023-03-21 10:57:01,762 [INFO] MultiScanPanel:778 - Auto Refresh Data is not needed
2023-03-21 10:57:22,657 [INFO] CrossSelectorPresenter:1353 - Cross Selector saved comparison directory: C:\Users\alita\.stmcufinder\plugins\mcufinder\mcu\cs_comparisons_mx
2023-03-21 10:57:22,709 [INFO] CrossReferenceDbSqlite:241 - SQLite db open (C:\Users\alita\.stmcufinder\plugins\mcufinder\mcu\cs\crdb.db)
2023-03-21 11:57:53,273 [INFO] McuFinderGlobals:57 - Set McuFinderConnectedMode to true
2023-03-21 11:57:53,524 [INFO] ApiDb:443 - Save user favorites file C:\Users\alita/.stm32cubeide/favorites.mcus.txt: 0 item(s)
2023-03-21 11:57:53,532 [INFO] ApiDb:447 - User favorites MCUs=[]
2023-03-21 11:57:53,565 [INFO] ApiDb:443 - Save user favorites file C:\Users\alita/.stm32cubeide/favorites.boards.txt: 0 item(s)
2023-03-21 11:57:53,565 [INFO] ApiDb:447 - User favorites Boards=[]
2023-03-21 11:57:56,022 [ERROR] LogOutputStream:74 - [STDERR_REDIRECT] Exception in thread "AWT-EventQueue-0" java.lang.NullPointerException
2023-03-21 11:57:56,035 [ERROR] LogOutputStream:74 - [STDERR_REDIRECT] 	at com.st.stm32cube.common.mx.targetselector.TargetSelectorAdapter$6.run(TargetSelectorAdapter.java:321)
2023-03-21 11:57:56,041 [ERROR] LogOutputStream:74 - [STDERR_REDIRECT] 	at com.st.stm32cube.common.mx.oss.core.awtswtbridge.AwtEnvironment$2.run(AwtEnvironment.java:166)
2023-03-21 11:57:56,046 [ERROR] LogOutputStream:74 - [STDERR_REDIRECT] 	at java.desktop/java.awt.event.InvocationEvent.dispatch(InvocationEvent.java:313)
2023-03-21 11:57:56,049 [ERROR] LogOutputStream:74 - [STDERR_REDIRECT] 	at java.desktop/java.awt.EventQueue.dispatchEventImpl(EventQueue.java:770)
2023-03-21 11:57:56,053 [ERROR] LogOutputStream:74 - [STDERR_REDIRECT] 	at java.desktop/java.awt.EventQueue$4.run(EventQueue.java:721)
2023-03-21 11:57:56,055 [ERROR] LogOutputStream:74 - [STDERR_REDIRECT] 	at java.desktop/java.awt.EventQueue$4.run(EventQueue.java:715)
2023-03-21 11:57:56,059 [ERROR] LogOutputStream:74 - [STDERR_REDIRECT] 	at java.base/java.security.AccessController.doPrivileged(Native Method)
2023-03-21 11:57:56,064 [ERROR] LogOutputStream:74 - [STDERR_REDIRECT] 	at java.base/java.security.ProtectionDomain$JavaSecurityAccessImpl.doIntersectionPrivilege(ProtectionDomain.java:85)
2023-03-21 11:57:56,067 [ERROR] LogOutputStream:74 - [STDERR_REDIRECT] 	at java.desktop/java.awt.EventQueue.dispatchEvent(EventQueue.java:740)
2023-03-21 11:57:56,071 [ERROR] LogOutputStream:74 - [STDERR_REDIRECT] 	at java.desktop/java.awt.EventDispatchThread.pumpOneEventForFilters(EventDispatchThread.java:203)
2023-03-21 11:57:56,075 [ERROR] LogOutputStream:74 - [STDERR_REDIRECT] 	at java.desktop/java.awt.EventDispatchThread.pumpEventsForFilter(EventDispatchThread.java:124)
2023-03-21 11:57:56,078 [ERROR] LogOutputStream:74 - [STDERR_REDIRECT] 	at java.desktop/java.awt.EventDispatchThread.pumpEventsForHierarchy(EventDispatchThread.java:113)
2023-03-21 11:57:56,082 [ERROR] LogOutputStream:74 - [STDERR_REDIRECT] 	at java.desktop/java.awt.EventDispatchThread.pumpEvents(EventDispatchThread.java:109)
2023-03-21 11:57:56,085 [ERROR] LogOutputStream:74 - [STDERR_REDIRECT] 	at java.desktop/java.awt.EventDispatchThread.pumpEvents(EventDispatchThread.java:101)
2023-03-21 11:57:56,088 [ERROR] LogOutputStream:74 - [STDERR_REDIRECT] 	at java.desktop/java.awt.EventDispatchThread.run(EventDispatchThread.java:90)
2023-03-21 11:58:03,802 [ERROR] LogOutputStream:74 - [STDERR_REDIRECT] Exception in thread "AWT-EventQueue-0" org.eclipse.swt.SWTException: Device is disposed
2023-03-21 11:58:03,804 [ERROR] LogOutputStream:74 - [STDERR_REDIRECT] 	at org.eclipse.swt.SWT.error(SWT.java:4918)
2023-03-21 11:58:03,806 [ERROR] LogOutputStream:74 - [STDERR_REDIRECT] 	at org.eclipse.swt.SWT.error(SWT.java:4833)
2023-03-21 11:58:03,807 [ERROR] LogOutputStream:74 - [STDERR_REDIRECT] 	at org.eclipse.swt.SWT.error(SWT.java:4804)
2023-03-21 11:58:03,997 [ERROR] LogOutputStream:74 - [STDERR_REDIRECT] 	at org.eclipse.swt.widgets.Display.error(Display.java:1272)
2023-03-21 11:58:04,052 [ERROR] LogOutputStream:74 - [STDERR_REDIRECT] 	at org.eclipse.swt.widgets.Display.asyncExec(Display.java:789)
2023-03-21 11:58:04,056 [ERROR] LogOutputStream:74 - [STDERR_REDIRECT] 	at com.st.stm32cube.common.mx.oss.core.awtswtbridge.AwtEnvironment$2.run(AwtEnvironment.java:168)
2023-03-21 11:58:04,059 [ERROR] LogOutputStream:74 - [STDERR_REDIRECT] 	at java.desktop/java.awt.event.InvocationEvent.dispatch(InvocationEvent.java:313)
2023-03-21 11:58:04,062 [ERROR] LogOutputStream:74 - [STDERR_REDIRECT] 	at java.desktop/java.awt.EventQueue.dispatchEventImpl(EventQueue.java:770)
2023-03-21 11:58:04,065 [ERROR] LogOutputStream:74 - [STDERR_REDIRECT] 	at java.desktop/java.awt.EventQueue$4.run(EventQueue.java:721)
2023-03-21 11:58:04,067 [ERROR] LogOutputStream:74 - [STDERR_REDIRECT] 	at java.desktop/java.awt.EventQueue$4.run(EventQueue.java:715)
2023-03-21 11:58:04,070 [ERROR] LogOutputStream:74 - [STDERR_REDIRECT] 	at java.base/java.security.AccessController.doPrivileged(Native Method)
2023-03-21 11:58:04,076 [ERROR] LogOutputStream:74 - [STDERR_REDIRECT] 	at java.base/java.security.ProtectionDomain$JavaSecurityAccessImpl.doIntersectionPrivilege(ProtectionDomain.java:85)
2023-03-21 11:58:04,079 [ERROR] LogOutputStream:74 - [STDERR_REDIRECT] 	at java.desktop/java.awt.EventQueue.dispatchEvent(EventQueue.java:740)
2023-03-21 11:58:04,111 [ERROR] LogOutputStream:74 - [STDERR_REDIRECT] 	at java.desktop/java.awt.EventDispatchThread.pumpOneEventForFilters(EventDispatchThread.java:203)
2023-03-21 11:58:04,115 [ERROR] LogOutputStream:74 - [STDERR_REDIRECT] 	at java.desktop/java.awt.EventDispatchThread.pumpEventsForFilter(EventDispatchThread.java:124)
2023-03-21 11:58:04,118 [ERROR] LogOutputStream:74 - [STDERR_REDIRECT] 	at java.desktop/java.awt.EventDispatchThread.pumpEventsForHierarchy(EventDispatchThread.java:113)
2023-03-21 11:58:04,122 [ERROR] LogOutputStream:74 - [STDERR_REDIRECT] 	at java.desktop/java.awt.EventDispatchThread.pumpEvents(EventDispatchThread.java:109)
2023-03-21 11:58:04,136 [ERROR] LogOutputStream:74 - [STDERR_REDIRECT] 	at java.desktop/java.awt.EventDispatchThread.pumpEvents(EventDispatchThread.java:101)
2023-03-21 11:58:04,140 [ERROR] LogOutputStream:74 - [STDERR_REDIRECT] 	at java.desktop/java.awt.EventDispatchThread.run(EventDispatchThread.java:90)
