2023-02-21 07:36:35,364 [INFO] Activator:177 - 


2023-02-21 07:36:35,366 [INFO] Activator:178 - !SESSION log4j initialized
2023-02-21 07:37:10,939 [ERROR] LogOutputStream:74 - [STDERR_REDIRECT] SLF4J: Failed to load class "org.slf4j.impl.StaticLoggerBinder".
2023-02-21 07:37:10,940 [ERROR] LogOutputStream:74 - [STDERR_REDIRECT] SLF4J: Defaulting to no-operation (NOP) logger implementation
2023-02-21 07:37:10,942 [ERROR] LogOutputStream:74 - [STDERR_REDIRECT] SLF4J: See http://www.slf4j.org/codes.html#StaticLoggerBinder for further details.
2023-02-21 07:37:53,473 [INFO] McuFinderGlobals:44 - Set McuFinder mode to 2 (CubeIDE integrated)
2023-02-21 07:37:54,177 [INFO] ApplicationProperties:181 - Using Application install path: C:\ST\STM32CubeIDE_1.4.0\STM32CubeIDE\plugins\com.st.stm32cube.common.mx_6.6.1.202207061420
2023-02-21 07:37:54,202 [INFO] DbMcusXml:77 - Set database path to: C:\ST\STM32CubeIDE_1.4.0\STM32CubeIDE\plugins\com.st.stm32cube.common.mx_6.6.1.202207061420\\db\/mcu/
2023-02-21 07:37:54,203 [INFO] ApiDb:269 - Set plugin database path to: C:\ST\STM32CubeIDE_1.4.0\STM32CubeIDE\plugins\com.st.stm32cube.common.mx_6.6.1.202207061420\\db\/plugins/boardmanager/
2023-02-21 07:37:54,206 [WARN] ApiDb:254 - Overriding images path with different value:  => C:\ST\STM32CubeIDE_1.4.0\STM32CubeIDE\plugins\com.st.stm32cube.common.mx_6.6.1.202207061420\\db\/plugins/mcufinder/images/
2023-02-21 07:37:54,237 [INFO] ApiDb:249 - Set database path to: C:\Users\alita\.stmcufinder\plugins\mcufinder//mcu/
2023-02-21 07:37:54,240 [INFO] DbMcusAds:124 - Set database path to: C:\Users\alita\.stmcufinder\plugins\mcufinder//mcu/
2023-02-21 07:37:54,863 [INFO] CrossReferenceDbSqlite:201 - Set database path to: C:\Users\alita\.stmcufinder\plugins\mcufinder//mcu/cs/
2023-02-21 07:37:55,064 [INFO] RulesReader:61 - Compatibility file has been processed (282 Rules)
2023-02-21 07:37:55,226 [INFO] DbMcusXml:77 - Set database path to: C:\ST\STM32CubeIDE_1.4.0\STM32CubeIDE\plugins\com.st.stm32cube.common.mx_6.6.1.202207061420\\db\/mcu/
2023-02-21 07:37:55,227 [INFO] ApiDb:269 - Set plugin database path to: C:\ST\STM32CubeIDE_1.4.0\STM32CubeIDE\plugins\com.st.stm32cube.common.mx_6.6.1.202207061420\\db\/plugins/boardmanager/
2023-02-21 07:37:55,228 [INFO] ApiDb:256 - Set plugin images path to: C:\ST\STM32CubeIDE_1.4.0\STM32CubeIDE\plugins\com.st.stm32cube.common.mx_6.6.1.202207061420\\db\/plugins/mcufinder/images/
2023-02-21 07:37:55,228 [WARN] DbFile:40 - Overriding database path with different value: C:\Users\alita\.stmcufinder\plugins\mcufinder/ => C:\Users\alita\.stmcufinder\plugins\mcufinder
2023-02-21 07:37:55,229 [INFO] ApiDb:249 - Set database path to: C:\Users\alita\.stmcufinder\plugins\mcufinder//mcu/
2023-02-21 07:37:55,229 [WARN] DbFile:40 - Overriding database path with different value: C:\Users\alita\.stmcufinder\plugins\mcufinder/ => C:\Users\alita\.stmcufinder\plugins\mcufinder
2023-02-21 07:37:55,230 [INFO] DbMcusAds:124 - Set database path to: C:\Users\alita\.stmcufinder\plugins\mcufinder//mcu/
2023-02-21 07:37:55,232 [WARN] DbFile:40 - Overriding database path with different value: C:\Users\alita\.stmcufinder\plugins\mcufinder/ => C:\Users\alita\.stmcufinder\plugins\mcufinder
2023-02-21 07:37:55,232 [WARN] DbFile:40 - Overriding database path with different value: C:\Users\alita\.stmcufinder\plugins\mcufinder/ => C:\Users\alita\.stmcufinder\plugins\mcufinder
2023-02-21 07:37:55,233 [INFO] CrossReferenceDbSqlite:201 - Set database path to: C:\Users\alita\.stmcufinder\plugins\mcufinder//mcu/cs/
2023-02-21 07:37:55,404 [INFO] MainPanel:242 - HeapMemory: 268435456
2023-02-21 07:37:55,567 [INFO] DbMcusXml:77 - Set database path to: C:\ST\STM32CubeIDE_1.4.0\STM32CubeIDE\plugins\com.st.stm32cube.common.mx_6.6.1.202207061420\\db\/mcu/
2023-02-21 07:37:55,567 [INFO] ApiDb:269 - Set plugin database path to: C:\ST\STM32CubeIDE_1.4.0\STM32CubeIDE\plugins\com.st.stm32cube.common.mx_6.6.1.202207061420\\db\/plugins/boardmanager/
2023-02-21 07:37:55,568 [INFO] ApiDb:256 - Set plugin images path to: C:\ST\STM32CubeIDE_1.4.0\STM32CubeIDE\plugins\com.st.stm32cube.common.mx_6.6.1.202207061420\\db\/plugins/mcufinder/images/
2023-02-21 07:37:55,568 [WARN] DbFile:40 - Overriding database path with different value: C:\Users\alita\.stmcufinder\plugins\mcufinder/ => C:\Users\alita\.stmcufinder\plugins\mcufinder
2023-02-21 07:37:55,569 [INFO] ApiDb:249 - Set database path to: C:\Users\alita\.stmcufinder\plugins\mcufinder//mcu/
2023-02-21 07:37:55,569 [WARN] DbFile:40 - Overriding database path with different value: C:\Users\alita\.stmcufinder\plugins\mcufinder/ => C:\Users\alita\.stmcufinder\plugins\mcufinder
2023-02-21 07:37:55,569 [INFO] DbMcusAds:124 - Set database path to: C:\Users\alita\.stmcufinder\plugins\mcufinder//mcu/
2023-02-21 07:37:55,569 [WARN] DbFile:40 - Overriding database path with different value: C:\Users\alita\.stmcufinder\plugins\mcufinder/ => C:\Users\alita\.stmcufinder\plugins\mcufinder
2023-02-21 07:37:55,570 [WARN] DbFile:40 - Overriding database path with different value: C:\Users\alita\.stmcufinder\plugins\mcufinder/ => C:\Users\alita\.stmcufinder\plugins\mcufinder
2023-02-21 07:37:55,572 [INFO] CrossReferenceDbSqlite:201 - Set database path to: C:\Users\alita\.stmcufinder\plugins\mcufinder//mcu/cs/
2023-02-21 07:37:55,604 [INFO] ApplicationProperties:181 - Using Application install path: C:\ST\STM32CubeIDE_1.4.0\STM32CubeIDE\plugins\com.st.stm32cube.common.mx_6.6.1.202207061420
2023-02-21 07:37:55,606 [INFO] PluginManage:193 - Search for loadable plugins [exclusion list=, ]
2023-02-21 07:37:55,608 [INFO] PluginManage:307 - Check plugin analytics
2023-02-21 07:37:55,906 [INFO] AnalyticsPlugin:262 - Accepted Software Licenses: 
2023-02-21 07:37:55,907 [INFO] AnalyticsPlugin:264 - Accepted CMSIS Pack Licenses: 
2023-02-21 07:37:55,907 [INFO] AnalyticsPlugin:266 - Accepted Firmware Licenses: 
2023-02-21 07:37:55,935 [INFO] PluginManage:356 - Loaded plugin analytics (category:tool,tabindex:-1)
2023-02-21 07:37:55,936 [INFO] PluginManage:307 - Check plugin cadmodel
2023-02-21 07:37:55,973 [INFO] CADModel:65 - Init CAD model plugin
2023-02-21 07:37:55,974 [INFO] PluginManage:356 - Loaded plugin cadmodel (category:power,tabindex:5)
2023-02-21 07:37:55,974 [INFO] PluginManage:307 - Check plugin clock
2023-02-21 07:37:56,014 [INFO] PluginManage:356 - Loaded plugin clock (category:base,tabindex:2)
2023-02-21 07:37:56,014 [INFO] PluginManage:307 - Check plugin ddr
2023-02-21 07:37:56,019 [INFO] PluginManage:356 - Loaded plugin ddr (category:tool,tabindex:6)
2023-02-21 07:37:56,019 [INFO] PluginManage:307 - Check plugin filemanager
2023-02-21 07:37:56,445 [INFO] PluginManage:356 - Loaded plugin filemanager (category:base,tabindex:10)
2023-02-21 07:37:56,446 [INFO] PluginManage:307 - Check plugin ipmanager
2023-02-21 07:37:56,466 [INFO] PluginManage:356 - Loaded plugin ipmanager (category:base,tabindex:5)
2023-02-21 07:37:56,467 [INFO] PluginManage:307 - Check plugin lpbam
2023-02-21 07:37:56,537 [INFO] PluginManage:356 - Loaded plugin lpbam (category:base,tabindex:0)
2023-02-21 07:37:56,537 [INFO] PluginManage:307 - Check plugin pinoutandconfiguration
2023-02-21 07:37:56,573 [INFO] PluginManage:356 - Loaded plugin pinoutandconfiguration (category:base,tabindex:1)
2023-02-21 07:37:56,573 [INFO] PluginManage:307 - Check plugin pinoutconfig
2023-02-21 07:37:56,696 [INFO] PluginManage:356 - Loaded plugin pinoutconfig (category:base,tabindex:0)
2023-02-21 07:37:56,696 [INFO] PluginManage:307 - Check plugin power
2023-02-21 07:37:56,734 [INFO] PluginManage:356 - Loaded plugin power (category:power,tabindex:4)
2023-02-21 07:37:56,734 [INFO] PluginManage:307 - Check plugin projectmanager
2023-02-21 07:37:56,794 [INFO] PluginManage:356 - Loaded plugin projectmanager (category:projectmanager,tabindex:3)
2023-02-21 07:37:56,795 [INFO] PluginManage:307 - Check plugin thirdparty
2023-02-21 07:37:57,227 [WARN] IntegrityCheckThread:82 - waiting for thirdparty lock release [integrity check]
2023-02-21 07:37:57,228 [INFO] PluginManage:356 - Loaded plugin thirdparty (category:base,tabindex:-1)
2023-02-21 07:37:57,229 [INFO] PluginManage:307 - Check plugin tools
2023-02-21 07:37:57,228 [INFO] IntegrityCheckThread:84 - entering critical section [integrity check]
2023-02-21 07:37:57,236 [INFO] ThirdPartyUpdaterWithRetryManager:70 - Updater plugin not ready yet. [1/15]
2023-02-21 07:37:57,276 [INFO] PluginManage:356 - Loaded plugin tools (category:base,tabindex:7)
2023-02-21 07:37:57,276 [INFO] PluginManage:307 - Check plugin tutovideos
2023-02-21 07:37:57,630 [INFO] PluginManage:356 - Loaded plugin tutovideos (category:base,tabindex:-1)
2023-02-21 07:37:57,631 [INFO] PluginManage:307 - Check plugin updater
2023-02-21 07:37:57,664 [INFO] PluginManage:356 - Loaded plugin updater (category:base,tabindex:12)
2023-02-21 07:37:57,665 [INFO] PluginManage:280 - PluginManage : Loaded plugins [15]
2023-02-21 07:37:58,117 [INFO] PinOutPanel:1468 - setPackage(No Configuration,No Configuration)
2023-02-21 07:37:58,236 [INFO] CADModel:98 - CPN selected for project level
2023-02-21 07:37:58,277 [INFO] IPUIPlugin:79 - create IPUIPlugin
2023-02-21 07:37:58,277 [INFO] PluginManager:217 - loadIPPluginJar : add adc
2023-02-21 07:37:58,321 [INFO] IPUIPlugin:79 - create IPUIPlugin
2023-02-21 07:37:58,321 [INFO] PluginManager:217 - loadIPPluginJar : add aes
2023-02-21 07:37:58,369 [INFO] IPUIPlugin:79 - create IPUIPlugin
2023-02-21 07:37:58,369 [INFO] PluginManager:217 - loadIPPluginJar : add can
2023-02-21 07:37:58,401 [INFO] IPUIPlugin:79 - create IPUIPlugin
2023-02-21 07:37:58,402 [INFO] PluginManager:217 - loadIPPluginJar : add comp
2023-02-21 07:37:58,476 [INFO] IPUIPlugin:79 - create IPUIPlugin
2023-02-21 07:37:58,476 [INFO] PluginManager:217 - loadIPPluginJar : add cryp
2023-02-21 07:37:58,567 [INFO] IPUIPlugin:79 - create IPUIPlugin
2023-02-21 07:37:58,568 [INFO] PluginManager:217 - loadIPPluginJar : add dfsdm
2023-02-21 07:37:58,606 [INFO] IPUIPlugin:79 - create IPUIPlugin
2023-02-21 07:37:58,607 [INFO] PluginManager:217 - loadIPPluginJar : add dma
2023-02-21 07:37:58,698 [INFO] IPUIPlugin:79 - create IPUIPlugin
2023-02-21 07:37:58,698 [INFO] PluginManager:217 - loadIPPluginJar : add dma3
2023-02-21 07:37:58,764 [INFO] IPUIPlugin:79 - create IPUIPlugin
2023-02-21 07:37:58,766 [INFO] PluginManager:217 - loadIPPluginJar : add fatfs
2023-02-21 07:37:58,870 [INFO] IPUIPlugin:79 - create IPUIPlugin
2023-02-21 07:37:58,870 [INFO] PluginManager:217 - loadIPPluginJar : add fmc
2023-02-21 07:37:58,893 [INFO] IPUIPlugin:79 - create IPUIPlugin
2023-02-21 07:37:58,893 [INFO] PluginManager:217 - loadIPPluginJar : add freertos
2023-02-21 07:37:58,922 [INFO] IPUIPlugin:79 - create IPUIPlugin
2023-02-21 07:37:58,922 [INFO] PluginManager:217 - loadIPPluginJar : add genericplugin
2023-02-21 07:37:59,063 [INFO] IPUIPlugin:79 - create IPUIPlugin
2023-02-21 07:37:59,064 [INFO] PluginManager:217 - loadIPPluginJar : add gfxmmu
2023-02-21 07:37:59,277 [INFO] IPUIPlugin:79 - create IPUIPlugin
2023-02-21 07:37:59,277 [INFO] PluginManager:217 - loadIPPluginJar : add gic
2023-02-21 07:37:59,303 [INFO] IPUIPlugin:79 - create IPUIPlugin
2023-02-21 07:37:59,304 [INFO] PluginManager:217 - loadIPPluginJar : add gpio
2023-02-21 07:37:59,473 [INFO] IPUIPlugin:79 - create IPUIPlugin
2023-02-21 07:37:59,474 [INFO] PluginManager:217 - loadIPPluginJar : add gtzc
2023-02-21 07:37:59,535 [INFO] IPUIPlugin:79 - create IPUIPlugin
2023-02-21 07:37:59,535 [INFO] PluginManager:217 - loadIPPluginJar : add hash
2023-02-21 07:37:59,644 [INFO] IPUIPlugin:79 - create IPUIPlugin
2023-02-21 07:37:59,645 [INFO] PluginManager:217 - loadIPPluginJar : add i2c
2023-02-21 07:37:59,709 [INFO] IPUIPlugin:79 - create IPUIPlugin
2023-02-21 07:37:59,710 [INFO] PluginManager:217 - loadIPPluginJar : add i2s
2023-02-21 07:37:59,882 [INFO] IPUIPlugin:79 - create IPUIPlugin
2023-02-21 07:37:59,883 [INFO] PluginManager:217 - loadIPPluginJar : add ipddr
2023-02-21 07:37:59,990 [INFO] IPUIPlugin:79 - create IPUIPlugin
2023-02-21 07:37:59,991 [INFO] PluginManager:217 - loadIPPluginJar : add linkedlist
2023-02-21 07:38:00,043 [INFO] IPUIPlugin:79 - create IPUIPlugin
2023-02-21 07:38:00,044 [INFO] PluginManager:217 - loadIPPluginJar : add lorawan
2023-02-21 07:38:00,085 [INFO] IPUIPlugin:79 - create IPUIPlugin
2023-02-21 07:38:00,085 [INFO] PluginManager:217 - loadIPPluginJar : add ltdc
2023-02-21 07:38:00,110 [INFO] IPUIPlugin:79 - create IPUIPlugin
2023-02-21 07:38:00,111 [INFO] PluginManager:217 - loadIPPluginJar : add mdma
2023-02-21 07:38:00,127 [INFO] IPUIPlugin:79 - create IPUIPlugin
2023-02-21 07:38:00,127 [INFO] PluginManager:217 - loadIPPluginJar : add nvic
2023-02-21 07:38:00,187 [INFO] IPUIPlugin:79 - create IPUIPlugin
2023-02-21 07:38:00,187 [INFO] PluginManager:217 - loadIPPluginJar : add opamp
2023-02-21 07:38:00,251 [INFO] ThirdPartyUpdaterWithRetryManager:70 - Updater plugin not ready yet. [2/15]
2023-02-21 07:38:00,294 [INFO] IPUIPlugin:79 - create IPUIPlugin
2023-02-21 07:38:00,295 [INFO] PluginManager:217 - loadIPPluginJar : add openamp
2023-02-21 07:38:00,372 [INFO] IPUIPlugin:79 - create IPUIPlugin
2023-02-21 07:38:00,373 [INFO] PluginManager:217 - loadIPPluginJar : add pdm2pcm
2023-02-21 07:38:00,398 [INFO] IPUIPlugin:79 - create IPUIPlugin
2023-02-21 07:38:00,405 [INFO] PluginManager:217 - loadIPPluginJar : add plateformsettings
2023-02-21 07:38:00,432 [INFO] IPUIPlugin:79 - create IPUIPlugin
2023-02-21 07:38:00,433 [INFO] PluginManager:217 - loadIPPluginJar : add quadspi
2023-02-21 07:38:00,455 [INFO] IPUIPlugin:79 - create IPUIPlugin
2023-02-21 07:38:00,455 [INFO] PluginManager:217 - loadIPPluginJar : add resmgrutility
2023-02-21 07:38:00,536 [INFO] IPUIPlugin:79 - create IPUIPlugin
2023-02-21 07:38:00,536 [INFO] PluginManager:217 - loadIPPluginJar : add sai
2023-02-21 07:38:00,641 [INFO] IPUIPlugin:79 - create IPUIPlugin
2023-02-21 07:38:00,642 [INFO] PluginManager:217 - loadIPPluginJar : add spi
2023-02-21 07:38:00,756 [INFO] IPUIPlugin:79 - create IPUIPlugin
2023-02-21 07:38:00,756 [INFO] PluginManager:217 - loadIPPluginJar : add stm32_wpan
2023-02-21 07:38:00,799 [INFO] IPUIPlugin:79 - create IPUIPlugin
2023-02-21 07:38:00,799 [INFO] PluginManager:217 - loadIPPluginJar : add tim
2023-02-21 07:38:00,900 [INFO] IPUIPlugin:79 - create IPUIPlugin
2023-02-21 07:38:00,900 [INFO] PluginManager:217 - loadIPPluginJar : add touchsensing
2023-02-21 07:38:00,989 [INFO] IPUIPlugin:79 - create IPUIPlugin
2023-02-21 07:38:00,989 [INFO] PluginManager:217 - loadIPPluginJar : add tracer_emb
2023-02-21 07:38:01,029 [INFO] IPUIPlugin:79 - create IPUIPlugin
2023-02-21 07:38:01,030 [INFO] PluginManager:217 - loadIPPluginJar : add ts
2023-02-21 07:38:01,059 [INFO] IPUIPlugin:79 - create IPUIPlugin
2023-02-21 07:38:01,060 [INFO] PluginManager:217 - loadIPPluginJar : add tsc
2023-02-21 07:38:01,089 [INFO] IPUIPlugin:79 - create IPUIPlugin
2023-02-21 07:38:01,090 [INFO] PluginManager:217 - loadIPPluginJar : add ucpd
2023-02-21 07:38:01,161 [INFO] IPUIPlugin:79 - create IPUIPlugin
2023-02-21 07:38:01,161 [INFO] PluginManager:217 - loadIPPluginJar : add usart
2023-02-21 07:38:01,222 [INFO] IPUIPlugin:79 - create IPUIPlugin
2023-02-21 07:38:01,223 [INFO] PluginManager:217 - loadIPPluginJar : add usbx
2023-02-21 07:38:01,724 [FATAL] Updater:301 - Updater called before beeing initialized
2023-02-21 07:38:02,360 [FATAL] Updater:301 - Updater called before beeing initialized
2023-02-21 07:38:02,385 [INFO] DbMcusAds:52 - JSON generation date=Wed Jan 18 16:17:18 EET 2023 (1674051438939)
2023-02-21 07:38:02,385 [FATAL] Updater:301 - Updater called before beeing initialized
2023-02-21 07:38:02,527 [WARN] DetailPanel:344 - Failed to get advertising image, set to default
2023-02-21 07:38:02,795 [FATAL] Updater:301 - Updater called before beeing initialized
2023-02-21 07:38:02,799 [FATAL] Updater:301 - Updater called before beeing initialized
2023-02-21 07:38:02,800 [FATAL] Updater:301 - Updater called before beeing initialized
2023-02-21 07:38:02,800 [WARN] DetailPanel:344 - Failed to get advertising image, set to default
2023-02-21 07:38:02,803 [FATAL] Updater:301 - Updater called before beeing initialized
2023-02-21 07:38:02,957 [ERROR] Updater:1105 - MainUpdater not yet initialized. External WinMGr cannot be set.
2023-02-21 07:38:02,977 [INFO] Updater:1041 - Updater Version found : 6.6.1
2023-02-21 07:38:03,035 [INFO] ApplicationProperties:181 - Using Application install path: C:\ST\STM32CubeIDE_1.4.0\STM32CubeIDE\plugins\com.st.stm32cube.common.mx_6.6.1.202207061420
2023-02-21 07:38:03,255 [INFO] ThirdPartyUpdaterWithRetryManager:70 - Updater plugin not ready yet. [3/15]
2023-02-21 07:38:04,908 [INFO] MainUpdater:2768 - connection check result : 10
2023-02-21 07:38:04,910 [INFO] MainUpdater:280 - Updater Check For Update Now.
2023-02-21 07:38:04,910 [INFO] MicroXplorer:481 - Change Database Version : DB.6.0.60
2023-02-21 07:38:05,482 [INFO] MainUpdater:2768 - connection check result : 10
2023-02-21 07:38:05,505 [INFO] CheckServerUpdateThread:119 - End of CheckServer Thread
2023-02-21 07:38:07,148 [WARN] PackLoader:242 - Cannot read IP mode file for STMicroelectronics.X-CUBE-BLE1.6.2.4
2023-02-21 07:38:07,206 [WARN] PackLoader:242 - Cannot read IP mode file for STMicroelectronics.X-CUBE-DISPLAY.3.0.0
2023-02-21 07:38:07,427 [WARN] PackLoader:242 - Cannot read IP mode file for STMicroelectronics.X-CUBE-EEPRMA1.4.1.0
2023-02-21 07:38:07,666 [WARN] PackLoader:242 - Cannot read IP mode file for STMicroelectronics.X-CUBE-TOF1.3.2.0
2023-02-21 07:38:07,851 [WARN] PackLoader:242 - Cannot read IP mode file for STMicroelectronics.X-CUBE-AZRTOS-H7.3.0.0
2023-02-21 07:38:08,003 [WARN] PackLoader:242 - Cannot read IP mode file for STMicroelectronics.X-CUBE-ISPU.1.1.0
2023-02-21 07:38:08,117 [WARN] PackLoader:242 - Cannot read IP mode file for STMicroelectronics.X-CUBE-TOUCHGFX.4.21.1
2023-02-21 07:38:08,238 [WARN] PackLoader:242 - Cannot read IP mode file for STMicroelectronics.X-CUBE-AI.7.3.0
2023-02-21 07:38:08,327 [WARN] PackLoader:242 - Cannot read IP mode file for STMicroelectronics.X-CUBE-AZRTOS-L5.1.1.0
2023-02-21 07:38:08,477 [INFO] McuFinderGlobals:57 - Set McuFinderConnectedMode to true
2023-02-21 07:38:08,493 [INFO] MultiScanPanel:195 - Auto-refresh data requested => check proxy status ongoing
2023-02-21 07:38:08,499 [INFO] FinderPluginLoader:92 - Searching for filters in installed packs
2023-02-21 07:38:08,712 [WARN] PackLoader:242 - Cannot read IP mode file for STMicroelectronics.X-CUBE-NFC4.3.0.0
2023-02-21 07:38:09,190 [WARN] PackLoader:242 - Cannot read IP mode file for STMicroelectronics.FP-ATR-ASTRA1.1.1.1
2023-02-21 07:38:09,240 [INFO] ApiDb:576 - Connected to CubeFinder SQLite database (C:\Users\alita\.stmcufinder\plugins\mcufinder\mcu\cube-finder-db.db)
2023-02-21 07:38:09,377 [WARN] PackLoader:242 - Cannot read IP mode file for STMicroelectronics.X-CUBE-BLEMGR.1.3.0
2023-02-21 07:38:09,526 [INFO] ApiDb:663 - CubeFinder database Data Model version=2.1
2023-02-21 07:38:09,527 [INFO] ApiDb:664 - CubeFinder database Configuration version=3.0.35
2023-02-21 07:38:09,527 [INFO] ApiDb:665 - CubeFinder database generation date=2023-02-02 (1675320190)
2023-02-21 07:38:09,527 [INFO] ApiDb:666 - CubeFinder database FW Pack versions=[FP-ATR-ASTRA1_V1.1.1, STM32Cube_FW_C0_V1.0.1, STM32Cube_FW_F4_V1.27.1, STM32Cube_FW_F7_V1.17.0, STM32Cube_FW_G0_V1.6.1, STM32Cube_FW_G4_V1.5.0, STM32Cube_FW_H5_V0.5.1, STM32Cube_FW_H7_V1.11.0, STM32Cube_FW_L5_V1.5.0, STM32Cube_FW_U5_V1.1.1, STM32Cube_FW_WBA_V0.2.0, STM32Cube_FW_WB_V1.15.0, STM32Cube_FW_WB_V1.15.0RC1, STM32Cube_FW_WL_V1.3.0, X-CUBE-ALGOBUILD_V1.3.0, X-CUBE-ALS_V1.0.1, X-CUBE-AZRTOS-F4_V1.1.0, X-CUBE-AZRTOS-F7_V1.1.0, X-CUBE-AZRTOS-G0_V1.1.0, X-CUBE-AZRTOS-G4_V1.0.0, X-CUBE-AZRTOS-H7_V3.0.0, X-CUBE-AZRTOS-L4_V1.0.0, X-CUBE-AZRTOS-L5_V1.1.0, X-CUBE-AZRTOS-WB_V1.1.0, X-CUBE-AZRTOS-WL_V1.0.0, X-CUBE-BLE1_V6.2.4, X-CUBE-BLE2_V3.3.0, X-CUBE-BLEMGR_V1.3.0, X-CUBE-EEPRMA1_V4.1.0, X-CUBE-GNSS1_V6.0.0, X-CUBE-MEMS1_V9.1.0, X-CUBE-MEMS1_V9.3.0, X-CUBE-MEMS1_V9.4.0, X-CUBE-NFC4_V3.0.0, X-CUBE-NFC7_V1.0.0, X-CUBE-SFXS2LP1_V4.0.0, X-CUBE-SUBG2_V5.0.0]
2023-02-21 07:38:09,778 [WARN] PackLoader:242 - Cannot read IP mode file for STMicroelectronics.FP-ATR-SIGFOX1.3.2.0
2023-02-21 07:38:09,966 [WARN] PackLoader:242 - Cannot read IP mode file for STMicroelectronics.X-CUBE-MEMS1.9.5.0
2023-02-21 07:38:11,180 [WARN] PackLoader:242 - Cannot read IP mode file for STMicroelectronics.X-CUBE-AZRTOS-WB.1.1.0
2023-02-21 07:38:11,193 [INFO] ThirdParty:929 - Integrity check success = true
2023-02-21 07:38:11,195 [INFO] IntegrityCheckThread:98 - exiting critical section [integrity check]
2023-02-21 07:38:11,195 [INFO] IntegrityCheckThread:101 - End integrity checks thread
2023-02-21 07:38:15,077 [INFO] ApiDb:239 - Found 138 in-development CPN: [B-WB1M-WPAN1, NUCLEO-C031C6, STEVAL-STWINBX1, STM320518-EVAL, STM32C0116-DK, STM32C011D6Y3TR, STM32C011D6Y6TR, STM32C011F4P3, STM32C011F4P6, STM32C011F4U3, STM32C011F4U6TR, STM32C011F6P3, STM32C011F6P6, STM32C011F6U3, STM32C011F6U6TR, STM32C011J4M3, STM32C011J4M6, STM32C011J6M3, STM32C011J6M6, STM32C0316-DK, STM32C031C4T3, STM32C031C4T6, STM32C031C4U3, STM32C031C4U6, STM32C031C6T3, STM32C031C6T6, STM32C031C6U3, STM32C031C6U6, STM32C031F4P3, STM32C031F4P6, STM32C031F6P3, STM32C031F6P6, STM32C031G4U3, STM32C031G4U6, STM32C031G6U3, STM32C031G6U6, STM32C031K4T3, STM32C031K4T6, STM32C031K4U3, STM32C031K4U6, STM32C031K6T3, STM32C031K6T6, STM32C031K6U3, STM32C031K6U6, STM32G071K8TXN, STM32G071K8UXN, STM32G081GBU6N, STM32G081KBT6N, STM32G081KBUXN, STM32G0B1CCT6N, STM32G0B1KCT6, STM32G0B1NEY6TR, STM32G0B1RCT6N, STM32G0C1CCT6, STM32G0C1CCT6N, STM32G0C1CCU6N, STM32G0C1CET6N, STM32G0C1CEU6N, STM32G0C1KCT6, STM32G0C1NEY6TR, STM32G0C1RCI6N, STM32G0C1RCT6N, STM32G0C1REI6N, STM32G0C1RET6N, STM32G0C1VCI6, STM32G0C1VEI6, STM32G471CCT6, STM32G471CCU6, STM32G471CET3, STM32G471CET6, STM32G471CEU3, STM32G471CEU6, STM32G471MCT6, STM32G471MET3, STM32G471MET6, STM32G471MEY6TR, STM32G471QCT6, STM32G471QET3, STM32G471RCT6, STM32G471RET3, STM32G471RET6, STM32G471VCH6, STM32G471VCI6, STM32G471VCT6, STM32G471VEH3, STM32G471VEH6, STM32G471VEI3, STM32G471VEI6, STM32G471VET3, STM32G471VET6, STM32G474CCT6, STM32L476VGY6PTR, STM32L4R5QGI6STR, STM32MP131AAE3, STM32MP131AAF3, STM32MP131AAG3, STM32MP131CAE3, STM32MP131CAF3, STM32MP131CAG3, STM32MP131DAE7, STM32MP131DAF7, STM32MP131DAG7, STM32MP131FAE7, STM32MP131FAF7, STM32MP131FAG7, STM32MP133AAE3, STM32MP133AAF3, STM32MP133AAG3, STM32MP133CAE3, STM32MP133CAF3, STM32MP133CAG3, STM32MP133DAE7, STM32MP133DAF7, STM32MP133DAG7, STM32MP133FAE7, STM32MP133FAF7, STM32MP133FAG7, STM32MP135AAE3, STM32MP135AAF3, STM32MP135AAG3, STM32MP135CAE3, STM32MP135CAF3, STM32MP135CAG3, STM32MP135DAE7, STM32MP135DAF7, STM32MP135DAG7, STM32MP135F-DK, STM32MP135FAE7, STM32MP135FAF7, STM32MP135FAG7, STM32U595ZJT6Q, STM32U599BJY6QTR, STM32U599NIH6Q, STM32U599NJH6Q, STM32U5A5ZJT6Q, STM32U5A9BJY6QTR, STM32U5A9NJH6Q, STM32WB1MMCH6]
2023-02-21 07:38:15,090 [INFO] DbMcus:215 - Found 3580 MCUs, 3580 are supported
2023-02-21 07:38:15,149 [INFO] ApiDb:418 - Load user favorites file C:\Users\alita/.stm32cubeide/favorites.mcus.txt: 0 item(s)
2023-02-21 07:38:15,150 [INFO] ApiDb:422 - User favorites MCUs=[]
2023-02-21 07:38:15,150 [INFO] DbMcus:221 - Set 0 / 0 favorites MCUs
2023-02-21 07:38:20,031 [INFO] LoadUrlFilesThread:177 - End of LoadServerUrlFiles without Thread
2023-02-21 07:38:20,192 [INFO] DetailPanel:339 - Set advertising image to C:/Users/alita/STM32Cube/Repository/\en.prom-stm32c0-0123.jpg
2023-02-21 07:38:22,147 [INFO] ToolPreferences:109 - Table McuList, key=mcufinder_cubeide.mculist: column name not found=IO
2023-02-21 07:38:22,147 [INFO] ToolPreferences:109 - Table McuList, key=mcufinder_cubeide.mculist: column name not found=Freq.
2023-02-21 07:38:22,148 [INFO] MultiScanPanel:778 - Auto Refresh Data is not needed
2023-02-21 07:38:22,164 [INFO] ApiDb:663 - CubeFinder database Data Model version=2.1
2023-02-21 07:38:22,164 [INFO] ApiDb:664 - CubeFinder database Configuration version=3.0.35
2023-02-21 07:38:22,164 [INFO] ApiDb:665 - CubeFinder database generation date=2023-02-02 (1675320190)
2023-02-21 07:38:22,165 [INFO] ApiDb:666 - CubeFinder database FW Pack versions=[FP-ATR-ASTRA1_V1.1.1, STM32Cube_FW_C0_V1.0.1, STM32Cube_FW_F4_V1.27.1, STM32Cube_FW_F7_V1.17.0, STM32Cube_FW_G0_V1.6.1, STM32Cube_FW_G4_V1.5.0, STM32Cube_FW_H5_V0.5.1, STM32Cube_FW_H7_V1.11.0, STM32Cube_FW_L5_V1.5.0, STM32Cube_FW_U5_V1.1.1, STM32Cube_FW_WBA_V0.2.0, STM32Cube_FW_WB_V1.15.0, STM32Cube_FW_WB_V1.15.0RC1, STM32Cube_FW_WL_V1.3.0, X-CUBE-ALGOBUILD_V1.3.0, X-CUBE-ALS_V1.0.1, X-CUBE-AZRTOS-F4_V1.1.0, X-CUBE-AZRTOS-F7_V1.1.0, X-CUBE-AZRTOS-G0_V1.1.0, X-CUBE-AZRTOS-G4_V1.0.0, X-CUBE-AZRTOS-H7_V3.0.0, X-CUBE-AZRTOS-L4_V1.0.0, X-CUBE-AZRTOS-L5_V1.1.0, X-CUBE-AZRTOS-WB_V1.1.0, X-CUBE-AZRTOS-WL_V1.0.0, X-CUBE-BLE1_V6.2.4, X-CUBE-BLE2_V3.3.0, X-CUBE-BLEMGR_V1.3.0, X-CUBE-EEPRMA1_V4.1.0, X-CUBE-GNSS1_V6.0.0, X-CUBE-MEMS1_V9.1.0, X-CUBE-MEMS1_V9.3.0, X-CUBE-MEMS1_V9.4.0, X-CUBE-NFC4_V3.0.0, X-CUBE-NFC7_V1.0.0, X-CUBE-SFXS2LP1_V4.0.0, X-CUBE-SUBG2_V5.0.0]
2023-02-21 07:38:22,453 [INFO] DbBoardsSqlite:227 - include board P-NUCLEO-WB55-NUCLEO as a kit item of type 'Nucleo-64'
2023-02-21 07:38:22,454 [INFO] DbBoardsSqlite:227 - include board P-NUCLEO-WB55-USBDONGLE as a kit item of type 'Nucleo USB Dongle'
2023-02-21 07:38:22,455 [INFO] DbBoardsSqlite:227 - include board STEVAL-IDP005V1 as a kit item of type 'Evaluation Board'
2023-02-21 07:38:22,456 [INFO] DbBoardsSqlite:227 - include board STEVAL-IDP005V2 as a kit item of type 'Evaluation Board'
2023-02-21 07:38:22,620 [INFO] ApiDb:239 - Found 138 in-development CPN: [B-WB1M-WPAN1, NUCLEO-C031C6, STEVAL-STWINBX1, STM320518-EVAL, STM32C0116-DK, STM32C011D6Y3TR, STM32C011D6Y6TR, STM32C011F4P3, STM32C011F4P6, STM32C011F4U3, STM32C011F4U6TR, STM32C011F6P3, STM32C011F6P6, STM32C011F6U3, STM32C011F6U6TR, STM32C011J4M3, STM32C011J4M6, STM32C011J6M3, STM32C011J6M6, STM32C0316-DK, STM32C031C4T3, STM32C031C4T6, STM32C031C4U3, STM32C031C4U6, STM32C031C6T3, STM32C031C6T6, STM32C031C6U3, STM32C031C6U6, STM32C031F4P3, STM32C031F4P6, STM32C031F6P3, STM32C031F6P6, STM32C031G4U3, STM32C031G4U6, STM32C031G6U3, STM32C031G6U6, STM32C031K4T3, STM32C031K4T6, STM32C031K4U3, STM32C031K4U6, STM32C031K6T3, STM32C031K6T6, STM32C031K6U3, STM32C031K6U6, STM32G071K8TXN, STM32G071K8UXN, STM32G081GBU6N, STM32G081KBT6N, STM32G081KBUXN, STM32G0B1CCT6N, STM32G0B1KCT6, STM32G0B1NEY6TR, STM32G0B1RCT6N, STM32G0C1CCT6, STM32G0C1CCT6N, STM32G0C1CCU6N, STM32G0C1CET6N, STM32G0C1CEU6N, STM32G0C1KCT6, STM32G0C1NEY6TR, STM32G0C1RCI6N, STM32G0C1RCT6N, STM32G0C1REI6N, STM32G0C1RET6N, STM32G0C1VCI6, STM32G0C1VEI6, STM32G471CCT6, STM32G471CCU6, STM32G471CET3, STM32G471CET6, STM32G471CEU3, STM32G471CEU6, STM32G471MCT6, STM32G471MET3, STM32G471MET6, STM32G471MEY6TR, STM32G471QCT6, STM32G471QET3, STM32G471RCT6, STM32G471RET3, STM32G471RET6, STM32G471VCH6, STM32G471VCI6, STM32G471VCT6, STM32G471VEH3, STM32G471VEH6, STM32G471VEI3, STM32G471VEI6, STM32G471VET3, STM32G471VET6, STM32G474CCT6, STM32L476VGY6PTR, STM32L4R5QGI6STR, STM32MP131AAE3, STM32MP131AAF3, STM32MP131AAG3, STM32MP131CAE3, STM32MP131CAF3, STM32MP131CAG3, STM32MP131DAE7, STM32MP131DAF7, STM32MP131DAG7, STM32MP131FAE7, STM32MP131FAF7, STM32MP131FAG7, STM32MP133AAE3, STM32MP133AAF3, STM32MP133AAG3, STM32MP133CAE3, STM32MP133CAF3, STM32MP133CAG3, STM32MP133DAE7, STM32MP133DAF7, STM32MP133DAG7, STM32MP133FAE7, STM32MP133FAF7, STM32MP133FAG7, STM32MP135AAE3, STM32MP135AAF3, STM32MP135AAG3, STM32MP135CAE3, STM32MP135CAF3, STM32MP135CAG3, STM32MP135DAE7, STM32MP135DAF7, STM32MP135DAG7, STM32MP135F-DK, STM32MP135FAE7, STM32MP135FAF7, STM32MP135FAG7, STM32U595ZJT6Q, STM32U599BJY6QTR, STM32U599NIH6Q, STM32U599NJH6Q, STM32U5A5ZJT6Q, STM32U5A9BJY6QTR, STM32U5A9NJH6Q, STM32WB1MMCH6]
2023-02-21 07:38:23,339 [INFO] BoardInfo:879 - No configuration file found for board P-NUCLEO-WB55
2023-02-21 07:38:23,340 [INFO] DbBoards:156 - Kit is not supported: P-NUCLEO-WB55
2023-02-21 07:38:23,352 [INFO] BoardInfo:879 - No configuration file found for board STEVAL-BFA001V1B
2023-02-21 07:38:23,353 [INFO] DbBoards:156 - Kit is not supported: STEVAL-BFA001V1B
2023-02-21 07:38:23,356 [INFO] BoardInfo:879 - No configuration file found for board STEVAL-BFA001V2B
2023-02-21 07:38:23,356 [INFO] DbBoards:156 - Kit is not supported: STEVAL-BFA001V2B
2023-02-21 07:38:23,376 [INFO] BoardInfo:879 - No configuration file found for board STEVAL-PROTEUS1
2023-02-21 07:38:23,377 [INFO] DbBoards:156 - Board is not supported: STEVAL-PROTEUS1
2023-02-21 07:38:23,808 [INFO] DbBoards:160 - Found 178 boards, 174 are supported
2023-02-21 07:38:23,821 [INFO] ApiDb:418 - Load user favorites file C:\Users\alita/.stm32cubeide/favorites.boards.txt: 0 item(s)
2023-02-21 07:38:23,821 [INFO] ApiDb:422 - User favorites Boards=[]
2023-02-21 07:38:23,822 [INFO] DbBoards:189 - Set 0 / 0 favorites Boards
2023-02-21 07:40:30,746 [INFO] McuFinderGlobals:57 - Set McuFinderConnectedMode to true
2023-02-21 07:40:30,754 [INFO] ApiDb:443 - Save user favorites file C:\Users\alita/.stm32cubeide/favorites.mcus.txt: 0 item(s)
2023-02-21 07:40:30,756 [INFO] ApiDb:447 - User favorites MCUs=[]
2023-02-22 09:12:52,609 [INFO] Activator:177 - 


2023-02-22 09:12:52,612 [INFO] Activator:178 - !SESSION log4j initialized
2023-02-22 09:13:33,114 [ERROR] LogOutputStream:74 - [STDERR_REDIRECT] SLF4J: Failed to load class "org.slf4j.impl.StaticLoggerBinder".
2023-02-22 09:13:33,114 [ERROR] LogOutputStream:74 - [STDERR_REDIRECT] SLF4J: Defaulting to no-operation (NOP) logger implementation
2023-02-22 09:13:33,116 [ERROR] LogOutputStream:74 - [STDERR_REDIRECT] SLF4J: See http://www.slf4j.org/codes.html#StaticLoggerBinder for further details.
2023-02-22 16:13:13,020 [INFO] Activator:177 - 


2023-02-22 16:13:13,032 [INFO] Activator:178 - !SESSION log4j initialized
2023-02-22 16:13:55,342 [ERROR] LogOutputStream:74 - [STDERR_REDIRECT] SLF4J: Failed to load class "org.slf4j.impl.StaticLoggerBinder".
2023-02-22 16:13:55,343 [ERROR] LogOutputStream:74 - [STDERR_REDIRECT] SLF4J: Defaulting to no-operation (NOP) logger implementation
2023-02-22 16:13:55,347 [ERROR] LogOutputStream:74 - [STDERR_REDIRECT] SLF4J: See http://www.slf4j.org/codes.html#StaticLoggerBinder for further details.
2023-03-01 17:31:39,760 [INFO] Activator:177 - 


2023-03-01 17:31:39,763 [INFO] Activator:178 - !SESSION log4j initialized
2023-03-01 17:32:23,184 [ERROR] LogOutputStream:74 - [STDERR_REDIRECT] SLF4J: Failed to load class "org.slf4j.impl.StaticLoggerBinder".
2023-03-01 17:32:23,186 [ERROR] LogOutputStream:74 - [STDERR_REDIRECT] SLF4J: Defaulting to no-operation (NOP) logger implementation
2023-03-01 17:32:23,188 [ERROR] LogOutputStream:74 - [STDERR_REDIRECT] SLF4J: See http://www.slf4j.org/codes.html#StaticLoggerBinder for further details.
2023-03-08 08:34:36,123 [INFO] Activator:177 - 


2023-03-08 08:34:36,126 [INFO] Activator:178 - !SESSION log4j initialized
2023-03-08 08:35:12,006 [ERROR] LogOutputStream:74 - [STDERR_REDIRECT] SLF4J: Failed to load class "org.slf4j.impl.StaticLoggerBinder".
2023-03-08 08:35:12,007 [ERROR] LogOutputStream:74 - [STDERR_REDIRECT] SLF4J: Defaulting to no-operation (NOP) logger implementation
2023-03-08 08:35:12,010 [ERROR] LogOutputStream:74 - [STDERR_REDIRECT] SLF4J: See http://www.slf4j.org/codes.html#StaticLoggerBinder for further details.
2023-03-08 17:25:45,133 [INFO] Activator:177 - 


2023-03-08 17:25:45,136 [INFO] Activator:178 - !SESSION log4j initialized
2023-03-08 17:26:20,276 [ERROR] LogOutputStream:74 - [STDERR_REDIRECT] SLF4J: Failed to load class "org.slf4j.impl.StaticLoggerBinder".
2023-03-08 17:26:20,277 [ERROR] LogOutputStream:74 - [STDERR_REDIRECT] SLF4J: Defaulting to no-operation (NOP) logger implementation
2023-03-08 17:26:20,280 [ERROR] LogOutputStream:74 - [STDERR_REDIRECT] SLF4J: See http://www.slf4j.org/codes.html#StaticLoggerBinder for further details.
2023-03-09 20:14:55,201 [INFO] Activator:177 - 


2023-03-09 20:14:55,204 [INFO] Activator:178 - !SESSION log4j initialized
2023-03-09 20:15:33,400 [ERROR] LogOutputStream:74 - [STDERR_REDIRECT] SLF4J: Failed to load class "org.slf4j.impl.StaticLoggerBinder".
2023-03-09 20:15:33,401 [ERROR] LogOutputStream:74 - [STDERR_REDIRECT] SLF4J: Defaulting to no-operation (NOP) logger implementation
2023-03-09 20:15:33,403 [ERROR] LogOutputStream:74 - [STDERR_REDIRECT] SLF4J: See http://www.slf4j.org/codes.html#StaticLoggerBinder for further details.
2023-03-14 17:46:54,764 [INFO] Activator:177 - 


2023-03-14 17:46:54,767 [INFO] Activator:178 - !SESSION log4j initialized
2023-03-14 17:47:31,195 [ERROR] LogOutputStream:74 - [STDERR_REDIRECT] SLF4J: Failed to load class "org.slf4j.impl.StaticLoggerBinder".
2023-03-14 17:47:31,196 [ERROR] LogOutputStream:74 - [STDERR_REDIRECT] SLF4J: Defaulting to no-operation (NOP) logger implementation
2023-03-14 17:47:31,199 [ERROR] LogOutputStream:74 - [STDERR_REDIRECT] SLF4J: See http://www.slf4j.org/codes.html#StaticLoggerBinder for further details.
