2023-02-19 20:20:12,796 [INFO] Activator:177 - 


2023-02-19 20:20:12,798 [INFO] Activator:178 - !SESSION log4j initialized
2023-02-19 20:20:25,464 [INFO] McuFinderGlobals:44 - Set McuFinder mode to 2 (CubeIDE integrated)
2023-02-19 20:20:26,072 [INFO] ApplicationProperties:181 - Using Application install path: C:\ST\STM32CubeIDE_1.4.0\STM32CubeIDE\plugins\com.st.stm32cube.common.mx_6.6.1.202207061420
2023-02-19 20:20:26,103 [INFO] DbMcusXml:77 - Set database path to: C:\ST\STM32CubeIDE_1.4.0\STM32CubeIDE\plugins\com.st.stm32cube.common.mx_6.6.1.202207061420\\db\/mcu/
2023-02-19 20:20:26,104 [INFO] ApiDb:269 - Set plugin database path to: C:\ST\STM32CubeIDE_1.4.0\STM32CubeIDE\plugins\com.st.stm32cube.common.mx_6.6.1.202207061420\\db\/plugins/boardmanager/
2023-02-19 20:20:26,108 [WARN] ApiDb:254 - Overriding images path with different value:  => C:\ST\STM32CubeIDE_1.4.0\STM32CubeIDE\plugins\com.st.stm32cube.common.mx_6.6.1.202207061420\\db\/plugins/mcufinder/images/
2023-02-19 20:20:26,139 [INFO] ApiDb:249 - Set database path to: C:\Users\alita\.stmcufinder\plugins\mcufinder//mcu/
2023-02-19 20:20:26,142 [INFO] DbMcusAds:124 - Set database path to: C:\Users\alita\.stmcufinder\plugins\mcufinder//mcu/
2023-02-19 20:20:26,148 [INFO] CrossReferenceDbSqlite:201 - Set database path to: C:\Users\alita\.stmcufinder\plugins\mcufinder//mcu/cs/
2023-02-19 20:20:26,462 [INFO] RulesReader:61 - Compatibility file has been processed (282 Rules)
2023-02-19 20:20:26,666 [INFO] DbMcusXml:77 - Set database path to: C:\ST\STM32CubeIDE_1.4.0\STM32CubeIDE\plugins\com.st.stm32cube.common.mx_6.6.1.202207061420\\db\/mcu/
2023-02-19 20:20:26,667 [INFO] ApiDb:269 - Set plugin database path to: C:\ST\STM32CubeIDE_1.4.0\STM32CubeIDE\plugins\com.st.stm32cube.common.mx_6.6.1.202207061420\\db\/plugins/boardmanager/
2023-02-19 20:20:26,667 [INFO] ApiDb:256 - Set plugin images path to: C:\ST\STM32CubeIDE_1.4.0\STM32CubeIDE\plugins\com.st.stm32cube.common.mx_6.6.1.202207061420\\db\/plugins/mcufinder/images/
2023-02-19 20:20:26,668 [WARN] DbFile:40 - Overriding database path with different value: C:\Users\alita\.stmcufinder\plugins\mcufinder/ => C:\Users\alita\.stmcufinder\plugins\mcufinder
2023-02-19 20:20:26,668 [INFO] ApiDb:249 - Set database path to: C:\Users\alita\.stmcufinder\plugins\mcufinder//mcu/
2023-02-19 20:20:26,669 [WARN] DbFile:40 - Overriding database path with different value: C:\Users\alita\.stmcufinder\plugins\mcufinder/ => C:\Users\alita\.stmcufinder\plugins\mcufinder
2023-02-19 20:20:26,669 [INFO] DbMcusAds:124 - Set database path to: C:\Users\alita\.stmcufinder\plugins\mcufinder//mcu/
2023-02-19 20:20:26,671 [WARN] DbFile:40 - Overriding database path with different value: C:\Users\alita\.stmcufinder\plugins\mcufinder/ => C:\Users\alita\.stmcufinder\plugins\mcufinder
2023-02-19 20:20:26,671 [WARN] DbFile:40 - Overriding database path with different value: C:\Users\alita\.stmcufinder\plugins\mcufinder/ => C:\Users\alita\.stmcufinder\plugins\mcufinder
2023-02-19 20:20:26,672 [INFO] CrossReferenceDbSqlite:201 - Set database path to: C:\Users\alita\.stmcufinder\plugins\mcufinder//mcu/cs/
2023-02-19 20:20:26,820 [INFO] MainPanel:242 - HeapMemory: 268435456
2023-02-19 20:20:27,004 [INFO] DbMcusXml:77 - Set database path to: C:\ST\STM32CubeIDE_1.4.0\STM32CubeIDE\plugins\com.st.stm32cube.common.mx_6.6.1.202207061420\\db\/mcu/
2023-02-19 20:20:27,005 [INFO] ApiDb:269 - Set plugin database path to: C:\ST\STM32CubeIDE_1.4.0\STM32CubeIDE\plugins\com.st.stm32cube.common.mx_6.6.1.202207061420\\db\/plugins/boardmanager/
2023-02-19 20:20:27,005 [INFO] ApiDb:256 - Set plugin images path to: C:\ST\STM32CubeIDE_1.4.0\STM32CubeIDE\plugins\com.st.stm32cube.common.mx_6.6.1.202207061420\\db\/plugins/mcufinder/images/
2023-02-19 20:20:27,006 [WARN] DbFile:40 - Overriding database path with different value: C:\Users\alita\.stmcufinder\plugins\mcufinder/ => C:\Users\alita\.stmcufinder\plugins\mcufinder
2023-02-19 20:20:27,006 [INFO] ApiDb:249 - Set database path to: C:\Users\alita\.stmcufinder\plugins\mcufinder//mcu/
2023-02-19 20:20:27,006 [WARN] DbFile:40 - Overriding database path with different value: C:\Users\alita\.stmcufinder\plugins\mcufinder/ => C:\Users\alita\.stmcufinder\plugins\mcufinder
2023-02-19 20:20:27,007 [INFO] DbMcusAds:124 - Set database path to: C:\Users\alita\.stmcufinder\plugins\mcufinder//mcu/
2023-02-19 20:20:27,007 [WARN] DbFile:40 - Overriding database path with different value: C:\Users\alita\.stmcufinder\plugins\mcufinder/ => C:\Users\alita\.stmcufinder\plugins\mcufinder
2023-02-19 20:20:27,008 [WARN] DbFile:40 - Overriding database path with different value: C:\Users\alita\.stmcufinder\plugins\mcufinder/ => C:\Users\alita\.stmcufinder\plugins\mcufinder
2023-02-19 20:20:27,008 [INFO] CrossReferenceDbSqlite:201 - Set database path to: C:\Users\alita\.stmcufinder\plugins\mcufinder//mcu/cs/
2023-02-19 20:20:27,044 [INFO] ApplicationProperties:181 - Using Application install path: C:\ST\STM32CubeIDE_1.4.0\STM32CubeIDE\plugins\com.st.stm32cube.common.mx_6.6.1.202207061420
2023-02-19 20:20:27,046 [INFO] PluginManage:193 - Search for loadable plugins [exclusion list=, ]
2023-02-19 20:20:27,049 [INFO] PluginManage:307 - Check plugin analytics
2023-02-19 20:20:27,315 [INFO] AnalyticsPlugin:262 - Accepted Software Licenses: 
2023-02-19 20:20:27,316 [INFO] AnalyticsPlugin:264 - Accepted CMSIS Pack Licenses: 
2023-02-19 20:20:27,317 [INFO] AnalyticsPlugin:266 - Accepted Firmware Licenses: 
2023-02-19 20:20:27,340 [INFO] PluginManage:356 - Loaded plugin analytics (category:tool,tabindex:-1)
2023-02-19 20:20:27,341 [INFO] PluginManage:307 - Check plugin cadmodel
2023-02-19 20:20:27,367 [INFO] CADModel:65 - Init CAD model plugin
2023-02-19 20:20:27,367 [INFO] PluginManage:356 - Loaded plugin cadmodel (category:power,tabindex:5)
2023-02-19 20:20:27,368 [INFO] PluginManage:307 - Check plugin clock
2023-02-19 20:20:27,421 [INFO] PluginManage:356 - Loaded plugin clock (category:base,tabindex:2)
2023-02-19 20:20:27,421 [INFO] PluginManage:307 - Check plugin ddr
2023-02-19 20:20:27,427 [INFO] PluginManage:356 - Loaded plugin ddr (category:tool,tabindex:6)
2023-02-19 20:20:27,427 [INFO] PluginManage:307 - Check plugin filemanager
2023-02-19 20:20:27,702 [INFO] PluginManage:356 - Loaded plugin filemanager (category:base,tabindex:10)
2023-02-19 20:20:27,702 [INFO] PluginManage:307 - Check plugin ipmanager
2023-02-19 20:20:27,717 [INFO] PluginManage:356 - Loaded plugin ipmanager (category:base,tabindex:5)
2023-02-19 20:20:27,717 [INFO] PluginManage:307 - Check plugin lpbam
2023-02-19 20:20:27,752 [INFO] PluginManage:356 - Loaded plugin lpbam (category:base,tabindex:0)
2023-02-19 20:20:27,753 [INFO] PluginManage:307 - Check plugin pinoutandconfiguration
2023-02-19 20:20:27,783 [INFO] PluginManage:356 - Loaded plugin pinoutandconfiguration (category:base,tabindex:1)
2023-02-19 20:20:27,784 [INFO] PluginManage:307 - Check plugin pinoutconfig
2023-02-19 20:20:27,859 [INFO] PluginManage:356 - Loaded plugin pinoutconfig (category:base,tabindex:0)
2023-02-19 20:20:27,859 [INFO] PluginManage:307 - Check plugin power
2023-02-19 20:20:27,897 [INFO] PluginManage:356 - Loaded plugin power (category:power,tabindex:4)
2023-02-19 20:20:27,897 [INFO] PluginManage:307 - Check plugin projectmanager
2023-02-19 20:20:27,930 [INFO] PluginManage:356 - Loaded plugin projectmanager (category:projectmanager,tabindex:3)
2023-02-19 20:20:27,931 [INFO] PluginManage:307 - Check plugin thirdparty
2023-02-19 20:20:28,420 [INFO] PluginManage:356 - Loaded plugin thirdparty (category:base,tabindex:-1)
2023-02-19 20:20:28,420 [INFO] PluginManage:307 - Check plugin tools
2023-02-19 20:20:28,423 [WARN] IntegrityCheckThread:82 - waiting for thirdparty lock release [integrity check]
2023-02-19 20:20:28,424 [INFO] IntegrityCheckThread:84 - entering critical section [integrity check]
2023-02-19 20:20:28,429 [INFO] ThirdPartyUpdaterWithRetryManager:70 - Updater plugin not ready yet. [1/15]
2023-02-19 20:20:28,474 [INFO] PluginManage:356 - Loaded plugin tools (category:base,tabindex:7)
2023-02-19 20:20:28,474 [INFO] PluginManage:307 - Check plugin tutovideos
2023-02-19 20:20:28,906 [INFO] PluginManage:356 - Loaded plugin tutovideos (category:base,tabindex:-1)
2023-02-19 20:20:28,907 [INFO] PluginManage:307 - Check plugin updater
2023-02-19 20:20:28,934 [INFO] PluginManage:356 - Loaded plugin updater (category:base,tabindex:12)
2023-02-19 20:20:28,935 [INFO] PluginManage:280 - PluginManage : Loaded plugins [15]
2023-02-19 20:20:29,427 [INFO] PinOutPanel:1468 - setPackage(No Configuration,No Configuration)
2023-02-19 20:20:29,570 [INFO] CADModel:98 - CPN selected for project level
2023-02-19 20:20:29,623 [INFO] IPUIPlugin:79 - create IPUIPlugin
2023-02-19 20:20:29,624 [INFO] PluginManager:217 - loadIPPluginJar : add adc
2023-02-19 20:20:29,692 [INFO] IPUIPlugin:79 - create IPUIPlugin
2023-02-19 20:20:29,692 [INFO] PluginManager:217 - loadIPPluginJar : add aes
2023-02-19 20:20:29,772 [INFO] IPUIPlugin:79 - create IPUIPlugin
2023-02-19 20:20:29,772 [INFO] PluginManager:217 - loadIPPluginJar : add can
2023-02-19 20:20:29,815 [INFO] IPUIPlugin:79 - create IPUIPlugin
2023-02-19 20:20:29,816 [INFO] PluginManager:217 - loadIPPluginJar : add comp
2023-02-19 20:20:29,877 [INFO] IPUIPlugin:79 - create IPUIPlugin
2023-02-19 20:20:29,877 [INFO] PluginManager:217 - loadIPPluginJar : add cryp
2023-02-19 20:20:29,929 [INFO] IPUIPlugin:79 - create IPUIPlugin
2023-02-19 20:20:29,930 [INFO] PluginManager:217 - loadIPPluginJar : add dfsdm
2023-02-19 20:20:29,955 [INFO] IPUIPlugin:79 - create IPUIPlugin
2023-02-19 20:20:29,956 [INFO] PluginManager:217 - loadIPPluginJar : add dma
2023-02-19 20:20:30,018 [INFO] IPUIPlugin:79 - create IPUIPlugin
2023-02-19 20:20:30,018 [INFO] PluginManager:217 - loadIPPluginJar : add dma3
2023-02-19 20:20:30,046 [INFO] IPUIPlugin:79 - create IPUIPlugin
2023-02-19 20:20:30,047 [INFO] PluginManager:217 - loadIPPluginJar : add fatfs
2023-02-19 20:20:30,121 [INFO] IPUIPlugin:79 - create IPUIPlugin
2023-02-19 20:20:30,121 [INFO] PluginManager:217 - loadIPPluginJar : add fmc
2023-02-19 20:20:30,142 [INFO] IPUIPlugin:79 - create IPUIPlugin
2023-02-19 20:20:30,143 [INFO] PluginManager:217 - loadIPPluginJar : add freertos
2023-02-19 20:20:30,169 [INFO] IPUIPlugin:79 - create IPUIPlugin
2023-02-19 20:20:30,170 [INFO] PluginManager:217 - loadIPPluginJar : add genericplugin
2023-02-19 20:20:30,322 [INFO] IPUIPlugin:79 - create IPUIPlugin
2023-02-19 20:20:30,322 [INFO] PluginManager:217 - loadIPPluginJar : add gfxmmu
2023-02-19 20:20:30,490 [INFO] IPUIPlugin:79 - create IPUIPlugin
2023-02-19 20:20:30,491 [INFO] PluginManager:217 - loadIPPluginJar : add gic
2023-02-19 20:20:30,510 [INFO] IPUIPlugin:79 - create IPUIPlugin
2023-02-19 20:20:30,511 [INFO] PluginManager:217 - loadIPPluginJar : add gpio
2023-02-19 20:20:30,628 [INFO] IPUIPlugin:79 - create IPUIPlugin
2023-02-19 20:20:30,628 [INFO] PluginManager:217 - loadIPPluginJar : add gtzc
2023-02-19 20:20:30,667 [INFO] IPUIPlugin:79 - create IPUIPlugin
2023-02-19 20:20:30,667 [INFO] PluginManager:217 - loadIPPluginJar : add hash
2023-02-19 20:20:30,738 [INFO] IPUIPlugin:79 - create IPUIPlugin
2023-02-19 20:20:30,739 [INFO] PluginManager:217 - loadIPPluginJar : add i2c
2023-02-19 20:20:30,788 [INFO] IPUIPlugin:79 - create IPUIPlugin
2023-02-19 20:20:30,788 [INFO] PluginManager:217 - loadIPPluginJar : add i2s
2023-02-19 20:20:30,949 [INFO] IPUIPlugin:79 - create IPUIPlugin
2023-02-19 20:20:30,950 [INFO] PluginManager:217 - loadIPPluginJar : add ipddr
2023-02-19 20:20:31,079 [INFO] IPUIPlugin:79 - create IPUIPlugin
2023-02-19 20:20:31,080 [INFO] PluginManager:217 - loadIPPluginJar : add linkedlist
2023-02-19 20:20:31,127 [INFO] IPUIPlugin:79 - create IPUIPlugin
2023-02-19 20:20:31,127 [INFO] PluginManager:217 - loadIPPluginJar : add lorawan
2023-02-19 20:20:31,174 [INFO] IPUIPlugin:79 - create IPUIPlugin
2023-02-19 20:20:31,175 [INFO] PluginManager:217 - loadIPPluginJar : add ltdc
2023-02-19 20:20:31,196 [INFO] IPUIPlugin:79 - create IPUIPlugin
2023-02-19 20:20:31,197 [INFO] PluginManager:217 - loadIPPluginJar : add mdma
2023-02-19 20:20:31,214 [INFO] IPUIPlugin:79 - create IPUIPlugin
2023-02-19 20:20:31,214 [INFO] PluginManager:217 - loadIPPluginJar : add nvic
2023-02-19 20:20:31,257 [INFO] IPUIPlugin:79 - create IPUIPlugin
2023-02-19 20:20:31,258 [INFO] PluginManager:217 - loadIPPluginJar : add opamp
2023-02-19 20:20:31,354 [INFO] IPUIPlugin:79 - create IPUIPlugin
2023-02-19 20:20:31,355 [INFO] PluginManager:217 - loadIPPluginJar : add openamp
2023-02-19 20:20:31,411 [INFO] IPUIPlugin:79 - create IPUIPlugin
2023-02-19 20:20:31,412 [INFO] PluginManager:217 - loadIPPluginJar : add pdm2pcm
2023-02-19 20:20:31,433 [INFO] ThirdPartyUpdaterWithRetryManager:70 - Updater plugin not ready yet. [2/15]
2023-02-19 20:20:31,436 [INFO] IPUIPlugin:79 - create IPUIPlugin
2023-02-19 20:20:31,441 [INFO] PluginManager:217 - loadIPPluginJar : add plateformsettings
2023-02-19 20:20:31,469 [INFO] IPUIPlugin:79 - create IPUIPlugin
2023-02-19 20:20:31,469 [INFO] PluginManager:217 - loadIPPluginJar : add quadspi
2023-02-19 20:20:31,489 [INFO] IPUIPlugin:79 - create IPUIPlugin
2023-02-19 20:20:31,489 [INFO] PluginManager:217 - loadIPPluginJar : add resmgrutility
2023-02-19 20:20:31,572 [INFO] IPUIPlugin:79 - create IPUIPlugin
2023-02-19 20:20:31,572 [INFO] PluginManager:217 - loadIPPluginJar : add sai
2023-02-19 20:20:31,628 [INFO] IPUIPlugin:79 - create IPUIPlugin
2023-02-19 20:20:31,628 [INFO] PluginManager:217 - loadIPPluginJar : add spi
2023-02-19 20:20:31,718 [INFO] IPUIPlugin:79 - create IPUIPlugin
2023-02-19 20:20:31,719 [INFO] PluginManager:217 - loadIPPluginJar : add stm32_wpan
2023-02-19 20:20:31,748 [INFO] IPUIPlugin:79 - create IPUIPlugin
2023-02-19 20:20:31,748 [INFO] PluginManager:217 - loadIPPluginJar : add tim
2023-02-19 20:20:31,829 [INFO] IPUIPlugin:79 - create IPUIPlugin
2023-02-19 20:20:31,830 [INFO] PluginManager:217 - loadIPPluginJar : add touchsensing
2023-02-19 20:20:31,863 [INFO] IPUIPlugin:79 - create IPUIPlugin
2023-02-19 20:20:31,864 [INFO] PluginManager:217 - loadIPPluginJar : add tracer_emb
2023-02-19 20:20:31,893 [INFO] IPUIPlugin:79 - create IPUIPlugin
2023-02-19 20:20:31,893 [INFO] PluginManager:217 - loadIPPluginJar : add ts
2023-02-19 20:20:31,919 [INFO] IPUIPlugin:79 - create IPUIPlugin
2023-02-19 20:20:31,919 [INFO] PluginManager:217 - loadIPPluginJar : add tsc
2023-02-19 20:20:31,944 [INFO] IPUIPlugin:79 - create IPUIPlugin
2023-02-19 20:20:31,945 [INFO] PluginManager:217 - loadIPPluginJar : add ucpd
2023-02-19 20:20:31,999 [INFO] IPUIPlugin:79 - create IPUIPlugin
2023-02-19 20:20:31,999 [INFO] PluginManager:217 - loadIPPluginJar : add usart
2023-02-19 20:20:32,055 [INFO] IPUIPlugin:79 - create IPUIPlugin
2023-02-19 20:20:32,055 [INFO] PluginManager:217 - loadIPPluginJar : add usbx
2023-02-19 20:20:32,536 [FATAL] Updater:301 - Updater called before beeing initialized
2023-02-19 20:20:32,764 [FATAL] Updater:301 - Updater called before beeing initialized
2023-02-19 20:20:32,789 [INFO] DbMcusAds:52 - JSON generation date=Wed Jan 18 16:17:18 EET 2023 (1674051438939)
2023-02-19 20:20:32,789 [FATAL] Updater:301 - Updater called before beeing initialized
2023-02-19 20:20:32,911 [WARN] DetailPanel:344 - Failed to get advertising image, set to default
2023-02-19 20:20:33,128 [FATAL] Updater:301 - Updater called before beeing initialized
2023-02-19 20:20:33,131 [FATAL] Updater:301 - Updater called before beeing initialized
2023-02-19 20:20:33,131 [FATAL] Updater:301 - Updater called before beeing initialized
2023-02-19 20:20:33,131 [WARN] DetailPanel:344 - Failed to get advertising image, set to default
2023-02-19 20:20:33,133 [FATAL] Updater:301 - Updater called before beeing initialized
2023-02-19 20:20:33,257 [ERROR] Updater:1105 - MainUpdater not yet initialized. External WinMGr cannot be set.
2023-02-19 20:20:33,270 [INFO] Updater:1041 - Updater Version found : 6.6.1
2023-02-19 20:20:33,296 [INFO] ApplicationProperties:181 - Using Application install path: C:\ST\STM32CubeIDE_1.4.0\STM32CubeIDE\plugins\com.st.stm32cube.common.mx_6.6.1.202207061420
2023-02-19 20:20:34,145 [INFO] MainUpdater:2768 - connection check result : 10
2023-02-19 20:20:34,146 [INFO] MainUpdater:280 - Updater Check For Update Now.
2023-02-19 20:20:34,147 [INFO] MicroXplorer:481 - Change Database Version : DB.6.0.60
2023-02-19 20:20:34,445 [WARN] MainUpdater:1184 - Updater busy. Cannot search thirdparties
2023-02-19 20:20:34,446 [INFO] ThirdPartyUpdaterWithRetryManager:96 - Updater plugin is busy. [1/15]
2023-02-19 20:20:34,452 [INFO] CheckServerUpdateThread:119 - End of CheckServer Thread
2023-02-19 20:20:34,631 [INFO] MainUpdater:2768 - connection check result : 10
2023-02-19 20:20:35,474 [INFO] McuFinderGlobals:57 - Set McuFinderConnectedMode to true
2023-02-19 20:20:35,491 [INFO] MultiScanPanel:195 - Auto-refresh data requested => check proxy status ongoing
2023-02-19 20:20:35,497 [INFO] FinderPluginLoader:92 - Searching for filters in installed packs
2023-02-19 20:20:35,690 [INFO] ApiDb:576 - Connected to CubeFinder SQLite database (C:\Users\alita\.stmcufinder\plugins\mcufinder\mcu\cube-finder-db.db)
2023-02-19 20:20:35,822 [INFO] ApiDb:663 - CubeFinder database Data Model version=2.1
2023-02-19 20:20:35,823 [INFO] ApiDb:664 - CubeFinder database Configuration version=3.0.35
2023-02-19 20:20:35,823 [INFO] ApiDb:665 - CubeFinder database generation date=2023-02-02 (1675320190)
2023-02-19 20:20:35,824 [INFO] ApiDb:666 - CubeFinder database FW Pack versions=[FP-ATR-ASTRA1_V1.1.1, STM32Cube_FW_C0_V1.0.1, STM32Cube_FW_F4_V1.27.1, STM32Cube_FW_F7_V1.17.0, STM32Cube_FW_G0_V1.6.1, STM32Cube_FW_G4_V1.5.0, STM32Cube_FW_H5_V0.5.1, STM32Cube_FW_H7_V1.11.0, STM32Cube_FW_L5_V1.5.0, STM32Cube_FW_U5_V1.1.1, STM32Cube_FW_WBA_V0.2.0, STM32Cube_FW_WB_V1.15.0, STM32Cube_FW_WB_V1.15.0RC1, STM32Cube_FW_WL_V1.3.0, X-CUBE-ALGOBUILD_V1.3.0, X-CUBE-ALS_V1.0.1, X-CUBE-AZRTOS-F4_V1.1.0, X-CUBE-AZRTOS-F7_V1.1.0, X-CUBE-AZRTOS-G0_V1.1.0, X-CUBE-AZRTOS-G4_V1.0.0, X-CUBE-AZRTOS-H7_V3.0.0, X-CUBE-AZRTOS-L4_V1.0.0, X-CUBE-AZRTOS-L5_V1.1.0, X-CUBE-AZRTOS-WB_V1.1.0, X-CUBE-AZRTOS-WL_V1.0.0, X-CUBE-BLE1_V6.2.4, X-CUBE-BLE2_V3.3.0, X-CUBE-BLEMGR_V1.3.0, X-CUBE-EEPRMA1_V4.1.0, X-CUBE-GNSS1_V6.0.0, X-CUBE-MEMS1_V9.1.0, X-CUBE-MEMS1_V9.3.0, X-CUBE-MEMS1_V9.4.0, X-CUBE-NFC4_V3.0.0, X-CUBE-NFC7_V1.0.0, X-CUBE-SFXS2LP1_V4.0.0, X-CUBE-SUBG2_V5.0.0]
2023-02-19 20:20:37,752 [WARN] PackLoader:242 - Cannot read IP mode file for STMicroelectronics.X-CUBE-BLE1.6.2.4
2023-02-19 20:20:37,796 [WARN] PackLoader:242 - Cannot read IP mode file for STMicroelectronics.X-CUBE-DISPLAY.3.0.0
2023-02-19 20:20:37,932 [WARN] PackLoader:242 - Cannot read IP mode file for STMicroelectronics.X-CUBE-EEPRMA1.4.1.0
2023-02-19 20:20:38,121 [WARN] PackLoader:242 - Cannot read IP mode file for STMicroelectronics.X-CUBE-TOF1.3.2.0
2023-02-19 20:20:38,281 [WARN] PackLoader:242 - Cannot read IP mode file for STMicroelectronics.X-CUBE-AZRTOS-H7.3.0.0
2023-02-19 20:20:38,310 [WARN] PackLoader:242 - Cannot read IP mode file for STMicroelectronics.X-CUBE-ISPU.1.1.0
2023-02-19 20:20:38,335 [WARN] PackLoader:242 - Cannot read IP mode file for STMicroelectronics.X-CUBE-TOUCHGFX.4.21.1
2023-02-19 20:20:38,355 [WARN] PackLoader:242 - Cannot read IP mode file for STMicroelectronics.X-CUBE-AI.7.3.0
2023-02-19 20:20:38,413 [WARN] PackLoader:242 - Cannot read IP mode file for STMicroelectronics.X-CUBE-AZRTOS-L5.1.1.0
2023-02-19 20:20:38,472 [WARN] PackLoader:242 - Cannot read IP mode file for STMicroelectronics.X-CUBE-NFC4.3.0.0
2023-02-19 20:20:38,547 [WARN] PackLoader:242 - Cannot read IP mode file for STMicroelectronics.FP-ATR-ASTRA1.1.1.1
2023-02-19 20:20:38,636 [WARN] PackLoader:242 - Cannot read IP mode file for STMicroelectronics.X-CUBE-BLEMGR.1.3.0
2023-02-19 20:20:38,747 [WARN] PackLoader:242 - Cannot read IP mode file for STMicroelectronics.FP-ATR-SIGFOX1.3.2.0
2023-02-19 20:20:38,973 [WARN] PackLoader:242 - Cannot read IP mode file for STMicroelectronics.X-CUBE-MEMS1.9.5.0
2023-02-19 20:20:39,547 [WARN] PackLoader:242 - Cannot read IP mode file for STMicroelectronics.X-CUBE-AZRTOS-WB.1.1.0
2023-02-19 20:20:39,553 [INFO] ThirdParty:929 - Integrity check success = true
2023-02-19 20:20:39,553 [INFO] IntegrityCheckThread:98 - exiting critical section [integrity check]
2023-02-19 20:20:39,554 [INFO] IntegrityCheckThread:101 - End integrity checks thread
2023-02-19 20:20:40,415 [INFO] ApiDb:239 - Found 138 in-development CPN: [B-WB1M-WPAN1, NUCLEO-C031C6, STEVAL-STWINBX1, STM320518-EVAL, STM32C0116-DK, STM32C011D6Y3TR, STM32C011D6Y6TR, STM32C011F4P3, STM32C011F4P6, STM32C011F4U3, STM32C011F4U6TR, STM32C011F6P3, STM32C011F6P6, STM32C011F6U3, STM32C011F6U6TR, STM32C011J4M3, STM32C011J4M6, STM32C011J6M3, STM32C011J6M6, STM32C0316-DK, STM32C031C4T3, STM32C031C4T6, STM32C031C4U3, STM32C031C4U6, STM32C031C6T3, STM32C031C6T6, STM32C031C6U3, STM32C031C6U6, STM32C031F4P3, STM32C031F4P6, STM32C031F6P3, STM32C031F6P6, STM32C031G4U3, STM32C031G4U6, STM32C031G6U3, STM32C031G6U6, STM32C031K4T3, STM32C031K4T6, STM32C031K4U3, STM32C031K4U6, STM32C031K6T3, STM32C031K6T6, STM32C031K6U3, STM32C031K6U6, STM32G071K8TXN, STM32G071K8UXN, STM32G081GBU6N, STM32G081KBT6N, STM32G081KBUXN, STM32G0B1CCT6N, STM32G0B1KCT6, STM32G0B1NEY6TR, STM32G0B1RCT6N, STM32G0C1CCT6, STM32G0C1CCT6N, STM32G0C1CCU6N, STM32G0C1CET6N, STM32G0C1CEU6N, STM32G0C1KCT6, STM32G0C1NEY6TR, STM32G0C1RCI6N, STM32G0C1RCT6N, STM32G0C1REI6N, STM32G0C1RET6N, STM32G0C1VCI6, STM32G0C1VEI6, STM32G471CCT6, STM32G471CCU6, STM32G471CET3, STM32G471CET6, STM32G471CEU3, STM32G471CEU6, STM32G471MCT6, STM32G471MET3, STM32G471MET6, STM32G471MEY6TR, STM32G471QCT6, STM32G471QET3, STM32G471RCT6, STM32G471RET3, STM32G471RET6, STM32G471VCH6, STM32G471VCI6, STM32G471VCT6, STM32G471VEH3, STM32G471VEH6, STM32G471VEI3, STM32G471VEI6, STM32G471VET3, STM32G471VET6, STM32G474CCT6, STM32L476VGY6PTR, STM32L4R5QGI6STR, STM32MP131AAE3, STM32MP131AAF3, STM32MP131AAG3, STM32MP131CAE3, STM32MP131CAF3, STM32MP131CAG3, STM32MP131DAE7, STM32MP131DAF7, STM32MP131DAG7, STM32MP131FAE7, STM32MP131FAF7, STM32MP131FAG7, STM32MP133AAE3, STM32MP133AAF3, STM32MP133AAG3, STM32MP133CAE3, STM32MP133CAF3, STM32MP133CAG3, STM32MP133DAE7, STM32MP133DAF7, STM32MP133DAG7, STM32MP133FAE7, STM32MP133FAF7, STM32MP133FAG7, STM32MP135AAE3, STM32MP135AAF3, STM32MP135AAG3, STM32MP135CAE3, STM32MP135CAF3, STM32MP135CAG3, STM32MP135DAE7, STM32MP135DAF7, STM32MP135DAG7, STM32MP135F-DK, STM32MP135FAE7, STM32MP135FAF7, STM32MP135FAG7, STM32U595ZJT6Q, STM32U599BJY6QTR, STM32U599NIH6Q, STM32U599NJH6Q, STM32U5A5ZJT6Q, STM32U5A9BJY6QTR, STM32U5A9NJH6Q, STM32WB1MMCH6]
2023-02-19 20:20:40,425 [INFO] DbMcus:215 - Found 3580 MCUs, 3580 are supported
2023-02-19 20:20:40,431 [INFO] ApiDb:418 - Load user favorites file C:\Users\alita/.stm32cubeide/favorites.mcus.txt: 0 item(s)
2023-02-19 20:20:40,432 [INFO] ApiDb:422 - User favorites MCUs=[]
2023-02-19 20:20:40,432 [INFO] DbMcus:221 - Set 0 / 0 favorites MCUs
2023-02-19 20:20:43,968 [ERROR] LogOutputStream:74 - [STDERR_REDIRECT] SLF4J: Failed to load class "org.slf4j.impl.StaticLoggerBinder".
2023-02-19 20:20:43,970 [ERROR] LogOutputStream:74 - [STDERR_REDIRECT] SLF4J: Defaulting to no-operation (NOP) logger implementation
2023-02-19 20:20:43,977 [ERROR] LogOutputStream:74 - [STDERR_REDIRECT] SLF4J: See http://www.slf4j.org/codes.html#StaticLoggerBinder for further details.
2023-02-19 20:20:44,996 [INFO] LoadUrlFilesThread:177 - End of LoadServerUrlFiles without Thread
2023-02-19 20:20:45,064 [INFO] DetailPanel:339 - Set advertising image to C:/Users/alita/STM32Cube/Repository/\en.prom-stm32c0-0123.jpg
2023-02-19 20:20:46,627 [INFO] ToolPreferences:109 - Table McuList, key=mcufinder_cubeide.mculist: column name not found=IO
2023-02-19 20:20:46,627 [INFO] ToolPreferences:109 - Table McuList, key=mcufinder_cubeide.mculist: column name not found=Freq.
2023-02-19 20:20:46,628 [INFO] MultiScanPanel:778 - Auto Refresh Data is not needed
2023-02-19 20:20:46,672 [INFO] ApiDb:663 - CubeFinder database Data Model version=2.1
2023-02-19 20:20:46,673 [INFO] ApiDb:664 - CubeFinder database Configuration version=3.0.35
2023-02-19 20:20:46,673 [INFO] ApiDb:665 - CubeFinder database generation date=2023-02-02 (1675320190)
2023-02-19 20:20:46,673 [INFO] ApiDb:666 - CubeFinder database FW Pack versions=[FP-ATR-ASTRA1_V1.1.1, STM32Cube_FW_C0_V1.0.1, STM32Cube_FW_F4_V1.27.1, STM32Cube_FW_F7_V1.17.0, STM32Cube_FW_G0_V1.6.1, STM32Cube_FW_G4_V1.5.0, STM32Cube_FW_H5_V0.5.1, STM32Cube_FW_H7_V1.11.0, STM32Cube_FW_L5_V1.5.0, STM32Cube_FW_U5_V1.1.1, STM32Cube_FW_WBA_V0.2.0, STM32Cube_FW_WB_V1.15.0, STM32Cube_FW_WB_V1.15.0RC1, STM32Cube_FW_WL_V1.3.0, X-CUBE-ALGOBUILD_V1.3.0, X-CUBE-ALS_V1.0.1, X-CUBE-AZRTOS-F4_V1.1.0, X-CUBE-AZRTOS-F7_V1.1.0, X-CUBE-AZRTOS-G0_V1.1.0, X-CUBE-AZRTOS-G4_V1.0.0, X-CUBE-AZRTOS-H7_V3.0.0, X-CUBE-AZRTOS-L4_V1.0.0, X-CUBE-AZRTOS-L5_V1.1.0, X-CUBE-AZRTOS-WB_V1.1.0, X-CUBE-AZRTOS-WL_V1.0.0, X-CUBE-BLE1_V6.2.4, X-CUBE-BLE2_V3.3.0, X-CUBE-BLEMGR_V1.3.0, X-CUBE-EEPRMA1_V4.1.0, X-CUBE-GNSS1_V6.0.0, X-CUBE-MEMS1_V9.1.0, X-CUBE-MEMS1_V9.3.0, X-CUBE-MEMS1_V9.4.0, X-CUBE-NFC4_V3.0.0, X-CUBE-NFC7_V1.0.0, X-CUBE-SFXS2LP1_V4.0.0, X-CUBE-SUBG2_V5.0.0]
2023-02-19 20:20:46,888 [INFO] DbBoardsSqlite:227 - include board P-NUCLEO-WB55-NUCLEO as a kit item of type 'Nucleo-64'
2023-02-19 20:20:46,889 [INFO] DbBoardsSqlite:227 - include board P-NUCLEO-WB55-USBDONGLE as a kit item of type 'Nucleo USB Dongle'
2023-02-19 20:20:46,890 [INFO] DbBoardsSqlite:227 - include board STEVAL-IDP005V1 as a kit item of type 'Evaluation Board'
2023-02-19 20:20:46,890 [INFO] DbBoardsSqlite:227 - include board STEVAL-IDP005V2 as a kit item of type 'Evaluation Board'
2023-02-19 20:20:47,017 [INFO] ApiDb:239 - Found 138 in-development CPN: [B-WB1M-WPAN1, NUCLEO-C031C6, STEVAL-STWINBX1, STM320518-EVAL, STM32C0116-DK, STM32C011D6Y3TR, STM32C011D6Y6TR, STM32C011F4P3, STM32C011F4P6, STM32C011F4U3, STM32C011F4U6TR, STM32C011F6P3, STM32C011F6P6, STM32C011F6U3, STM32C011F6U6TR, STM32C011J4M3, STM32C011J4M6, STM32C011J6M3, STM32C011J6M6, STM32C0316-DK, STM32C031C4T3, STM32C031C4T6, STM32C031C4U3, STM32C031C4U6, STM32C031C6T3, STM32C031C6T6, STM32C031C6U3, STM32C031C6U6, STM32C031F4P3, STM32C031F4P6, STM32C031F6P3, STM32C031F6P6, STM32C031G4U3, STM32C031G4U6, STM32C031G6U3, STM32C031G6U6, STM32C031K4T3, STM32C031K4T6, STM32C031K4U3, STM32C031K4U6, STM32C031K6T3, STM32C031K6T6, STM32C031K6U3, STM32C031K6U6, STM32G071K8TXN, STM32G071K8UXN, STM32G081GBU6N, STM32G081KBT6N, STM32G081KBUXN, STM32G0B1CCT6N, STM32G0B1KCT6, STM32G0B1NEY6TR, STM32G0B1RCT6N, STM32G0C1CCT6, STM32G0C1CCT6N, STM32G0C1CCU6N, STM32G0C1CET6N, STM32G0C1CEU6N, STM32G0C1KCT6, STM32G0C1NEY6TR, STM32G0C1RCI6N, STM32G0C1RCT6N, STM32G0C1REI6N, STM32G0C1RET6N, STM32G0C1VCI6, STM32G0C1VEI6, STM32G471CCT6, STM32G471CCU6, STM32G471CET3, STM32G471CET6, STM32G471CEU3, STM32G471CEU6, STM32G471MCT6, STM32G471MET3, STM32G471MET6, STM32G471MEY6TR, STM32G471QCT6, STM32G471QET3, STM32G471RCT6, STM32G471RET3, STM32G471RET6, STM32G471VCH6, STM32G471VCI6, STM32G471VCT6, STM32G471VEH3, STM32G471VEH6, STM32G471VEI3, STM32G471VEI6, STM32G471VET3, STM32G471VET6, STM32G474CCT6, STM32L476VGY6PTR, STM32L4R5QGI6STR, STM32MP131AAE3, STM32MP131AAF3, STM32MP131AAG3, STM32MP131CAE3, STM32MP131CAF3, STM32MP131CAG3, STM32MP131DAE7, STM32MP131DAF7, STM32MP131DAG7, STM32MP131FAE7, STM32MP131FAF7, STM32MP131FAG7, STM32MP133AAE3, STM32MP133AAF3, STM32MP133AAG3, STM32MP133CAE3, STM32MP133CAF3, STM32MP133CAG3, STM32MP133DAE7, STM32MP133DAF7, STM32MP133DAG7, STM32MP133FAE7, STM32MP133FAF7, STM32MP133FAG7, STM32MP135AAE3, STM32MP135AAF3, STM32MP135AAG3, STM32MP135CAE3, STM32MP135CAF3, STM32MP135CAG3, STM32MP135DAE7, STM32MP135DAF7, STM32MP135DAG7, STM32MP135F-DK, STM32MP135FAE7, STM32MP135FAF7, STM32MP135FAG7, STM32U595ZJT6Q, STM32U599BJY6QTR, STM32U599NIH6Q, STM32U599NJH6Q, STM32U5A5ZJT6Q, STM32U5A9BJY6QTR, STM32U5A9NJH6Q, STM32WB1MMCH6]
2023-02-19 20:20:47,362 [INFO] BoardInfo:879 - No configuration file found for board P-NUCLEO-WB55
2023-02-19 20:20:47,363 [INFO] DbBoards:156 - Kit is not supported: P-NUCLEO-WB55
2023-02-19 20:20:47,375 [INFO] BoardInfo:879 - No configuration file found for board STEVAL-BFA001V1B
2023-02-19 20:20:47,375 [INFO] DbBoards:156 - Kit is not supported: STEVAL-BFA001V1B
2023-02-19 20:20:47,378 [INFO] BoardInfo:879 - No configuration file found for board STEVAL-BFA001V2B
2023-02-19 20:20:47,379 [INFO] DbBoards:156 - Kit is not supported: STEVAL-BFA001V2B
2023-02-19 20:20:47,391 [INFO] BoardInfo:879 - No configuration file found for board STEVAL-PROTEUS1
2023-02-19 20:20:47,391 [INFO] DbBoards:156 - Board is not supported: STEVAL-PROTEUS1
2023-02-19 20:20:47,687 [INFO] DbBoards:160 - Found 178 boards, 174 are supported
2023-02-19 20:20:47,700 [INFO] ApiDb:418 - Load user favorites file C:\Users\alita/.stm32cubeide/favorites.boards.txt: 0 item(s)
2023-02-19 20:20:47,700 [INFO] ApiDb:422 - User favorites Boards=[]
2023-02-19 20:20:47,701 [INFO] DbBoards:189 - Set 0 / 0 favorites Boards
2023-02-19 20:21:51,731 [INFO] McuFinderGlobals:57 - Set McuFinderConnectedMode to true
2023-02-19 20:21:51,734 [INFO] ApiDb:443 - Save user favorites file C:\Users\alita/.stm32cubeide/favorites.mcus.txt: 0 item(s)
2023-02-19 20:21:51,735 [INFO] ApiDb:447 - User favorites MCUs=[]
2023-02-20 07:11:18,285 [INFO] Activator:177 - 


2023-02-20 07:11:18,287 [INFO] Activator:178 - !SESSION log4j initialized
2023-02-20 07:11:55,933 [ERROR] LogOutputStream:74 - [STDERR_REDIRECT] SLF4J: Failed to load class "org.slf4j.impl.StaticLoggerBinder".
2023-02-20 07:11:55,934 [ERROR] LogOutputStream:74 - [STDERR_REDIRECT] SLF4J: Defaulting to no-operation (NOP) logger implementation
2023-02-20 07:11:55,938 [ERROR] LogOutputStream:74 - [STDERR_REDIRECT] SLF4J: See http://www.slf4j.org/codes.html#StaticLoggerBinder for further details.
2023-02-20 16:49:22,038 [INFO] Activator:177 - 


2023-02-20 16:49:22,046 [INFO] Activator:178 - !SESSION log4j initialized
2023-02-20 16:50:17,959 [ERROR] LogOutputStream:74 - [STDERR_REDIRECT] SLF4J: Failed to load class "org.slf4j.impl.StaticLoggerBinder".
2023-02-20 16:50:17,962 [ERROR] LogOutputStream:74 - [STDERR_REDIRECT] SLF4J: Defaulting to no-operation (NOP) logger implementation
2023-02-20 16:50:17,966 [ERROR] LogOutputStream:74 - [STDERR_REDIRECT] SLF4J: See http://www.slf4j.org/codes.html#StaticLoggerBinder for further details.
