  student_info.c
B:\Embedded_Systems_Online_Diploma\Unit_5_First_term\FIRST_TERM_project2\Project2_Student_info_system\student_info.c(13,16): warning C4018: '<': signed/unsigned mismatch
B:\Embedded_Systems_Online_Diploma\Unit_5_First_term\FIRST_TERM_project2\Project2_Student_info_system\student_info.c(82,17): warning C4018: '<': signed/unsigned mismatch
B:\Embedded_Systems_Online_Diploma\Unit_5_First_term\FIRST_TERM_project2\Project2_Student_info_system\student_info.c(150,16): warning C4018: '<': signed/unsigned mismatch
B:\Embedded_Systems_Online_Diploma\Unit_5_First_term\FIRST_TERM_project2\Project2_Student_info_system\student_info.c(191,11): warning C4098: 'find_roll_num': 'void' function returning a value
B:\Embedded_Systems_Online_Diploma\Unit_5_First_term\FIRST_TERM_project2\Project2_Student_info_system\student_info.c(198,11): warning C4098: 'find_roll_num': 'void' function returning a value
B:\Embedded_Systems_Online_Diploma\Unit_5_First_term\FIRST_TERM_project2\Project2_Student_info_system\student_info.c(204,11): warning C4098: 'find_roll_num': 'void' function returning a value
B:\Embedded_Systems_Online_Diploma\Unit_5_First_term\FIRST_TERM_project2\Project2_Student_info_system\student_info.c(206,16): warning C4018: '<': signed/unsigned mismatch
B:\Embedded_Systems_Online_Diploma\Unit_5_First_term\FIRST_TERM_project2\Project2_Student_info_system\student_info.c(217,11): warning C4098: 'find_roll_num': 'void' function returning a value
B:\Embedded_Systems_Online_Diploma\Unit_5_First_term\FIRST_TERM_project2\Project2_Student_info_system\student_info.c(223,11): warning C4098: 'find_roll_num': 'void' function returning a value
B:\Embedded_Systems_Online_Diploma\Unit_5_First_term\FIRST_TERM_project2\Project2_Student_info_system\student_info.c(236,11): warning C4098: 'upate_s': 'void' function returning a value
B:\Embedded_Systems_Online_Diploma\Unit_5_First_term\FIRST_TERM_project2\Project2_Student_info_system\student_info.c(239,16): warning C4018: '<': signed/unsigned mismatch
B:\Embedded_Systems_Online_Diploma\Unit_5_First_term\FIRST_TERM_project2\Project2_Student_info_system\student_info.c(250,11): warning C4098: 'upate_s': 'void' function returning a value
B:\Embedded_Systems_Online_Diploma\Unit_5_First_term\FIRST_TERM_project2\Project2_Student_info_system\student_info.c(291,11): warning C4098: 'upate_s': 'void' function returning a value
B:\Embedded_Systems_Online_Diploma\Unit_5_First_term\FIRST_TERM_project2\Project2_Student_info_system\student_info.c(301,11): warning C4098: 'find_first_name': 'void' function returning a value
B:\Embedded_Systems_Online_Diploma\Unit_5_First_term\FIRST_TERM_project2\Project2_Student_info_system\student_info.c(304,16): warning C4018: '<': signed/unsigned mismatch
B:\Embedded_Systems_Online_Diploma\Unit_5_First_term\FIRST_TERM_project2\Project2_Student_info_system\student_info.c(317,11): warning C4098: 'find_first_name': 'void' function returning a value
B:\Embedded_Systems_Online_Diploma\Unit_5_First_term\FIRST_TERM_project2\Project2_Student_info_system\student_info.c(328,11): warning C4098: 'find_course': 'void' function returning a value
B:\Embedded_Systems_Online_Diploma\Unit_5_First_term\FIRST_TERM_project2\Project2_Student_info_system\student_info.c(331,16): warning C4018: '<': signed/unsigned mismatch
B:\Embedded_Systems_Online_Diploma\Unit_5_First_term\FIRST_TERM_project2\Project2_Student_info_system\student_info.c(353,11): warning C4098: 'find_course': 'void' function returning a value
B:\Embedded_Systems_Online_Diploma\Unit_5_First_term\FIRST_TERM_project2\Project2_Student_info_system\student_info.c(406,17): warning C4244: '=': conversion from 'double' to 'float', possible loss of data
  Project2_Student_info_system.vcxproj -> B:\Embedded_Systems_Online_Diploma\Unit_5_First_term\FIRST_TERM_project2\Project2_Student_info_system\x64\Debug\Project2_Student_info_system.exe
